mode: atomic
github.com/artamananda/tryout-sample/main.go:36.13,90.40 43 0
github.com/artamananda/tryout-sample/main.go:90.40,96.3 1 0
github.com/artamananda/tryout-sample/main.go:98.2,101.29 3 0
github.com/artamananda/tryout-sample/docs/docs.go:2778.13,2780.2 1 0
github.com/artamananda/tryout-sample/internal/common/http_client.go:33.68,40.83 1 0
github.com/artamananda/tryout-sample/internal/common/http_client.go:40.83,42.5 1 0
github.com/artamananda/tryout-sample/internal/common/http_client.go:46.2,51.69 4 0
github.com/artamananda/tryout-sample/internal/common/http_client.go:51.69,54.3 2 0
github.com/artamananda/tryout-sample/internal/common/http_client.go:54.8,65.3 6 0
github.com/artamananda/tryout-sample/internal/common/http_client.go:68.2,69.35 2 0
github.com/artamananda/tryout-sample/internal/common/http_client.go:69.35,71.3 1 0
github.com/artamananda/tryout-sample/internal/common/http_client.go:74.2,83.16 6 0
github.com/artamananda/tryout-sample/internal/common/http_client.go:83.16,85.3 1 0
github.com/artamananda/tryout-sample/internal/common/http_client.go:88.2,102.12 11 0
github.com/artamananda/tryout-sample/internal/common/jwt.go:12.80,27.2 8 0
github.com/artamananda/tryout-sample/internal/common/logger.go:12.33,22.51 4 0
github.com/artamananda/tryout-sample/internal/common/logger.go:22.51,25.3 2 0
github.com/artamananda/tryout-sample/internal/common/logger.go:27.2,30.16 4 0
github.com/artamananda/tryout-sample/internal/common/logger.go:30.16,33.3 2 0
github.com/artamananda/tryout-sample/internal/common/logger.go:34.2,34.15 1 0
github.com/artamananda/tryout-sample/internal/common/model_validation.go:10.48,13.16 3 0
github.com/artamananda/tryout-sample/internal/common/model_validation.go:13.16,15.56 2 0
github.com/artamananda/tryout-sample/internal/common/model_validation.go:15.56,20.4 1 0
github.com/artamananda/tryout-sample/internal/common/model_validation.go:22.3,27.4 3 0
github.com/artamananda/tryout-sample/internal/common/model_validation.go:30.2,30.12 1 0
github.com/artamananda/tryout-sample/internal/config/aws.go:11.52,26.16 6 0
github.com/artamananda/tryout-sample/internal/config/aws.go:26.16,28.3 1 0
github.com/artamananda/tryout-sample/internal/config/aws.go:31.2,31.24 1 0
github.com/artamananda/tryout-sample/internal/config/aws.go:31.24,33.3 1 0
github.com/artamananda/tryout-sample/internal/config/aws.go:35.2,35.17 1 0
github.com/artamananda/tryout-sample/internal/config/config.go:17.50,19.2 1 2
github.com/artamananda/tryout-sample/internal/config/config.go:21.38,25.2 3 4
github.com/artamananda/tryout-sample/internal/config/database.go:17.36,65.2 21 0
github.com/artamananda/tryout-sample/internal/config/fiber.go:8.43,12.2 1 0
github.com/artamananda/tryout-sample/internal/controller/ebook_controller.go:18.100,23.2 1 0
github.com/artamananda/tryout-sample/internal/controller/ebook_controller.go:25.57,33.2 7 0
github.com/artamananda/tryout-sample/internal/controller/ebook_controller.go:45.62,48.16 3 0
github.com/artamananda/tryout-sample/internal/controller/ebook_controller.go:48.16,50.3 1 0
github.com/artamananda/tryout-sample/internal/controller/ebook_controller.go:52.2,53.16 2 0
github.com/artamananda/tryout-sample/internal/controller/ebook_controller.go:53.16,55.3 1 0
github.com/artamananda/tryout-sample/internal/controller/ebook_controller.go:57.2,61.4 1 0
github.com/artamananda/tryout-sample/internal/controller/ebook_controller.go:75.62,79.16 4 0
github.com/artamananda/tryout-sample/internal/controller/ebook_controller.go:79.16,81.3 1 0
github.com/artamananda/tryout-sample/internal/controller/ebook_controller.go:83.2,84.16 2 0
github.com/artamananda/tryout-sample/internal/controller/ebook_controller.go:84.16,86.3 1 0
github.com/artamananda/tryout-sample/internal/controller/ebook_controller.go:88.2,92.4 1 0
github.com/artamananda/tryout-sample/internal/controller/ebook_controller.go:105.67,109.16 4 0
github.com/artamananda/tryout-sample/internal/controller/ebook_controller.go:109.16,111.3 1 0
github.com/artamananda/tryout-sample/internal/controller/ebook_controller.go:114.2,115.21 2 0
github.com/artamananda/tryout-sample/internal/controller/ebook_controller.go:115.21,119.3 1 0
github.com/artamananda/tryout-sample/internal/controller/ebook_controller.go:122.2,126.16 3 0
github.com/artamananda/tryout-sample/internal/controller/ebook_controller.go:126.16,128.3 1 0
github.com/artamananda/tryout-sample/internal/controller/ebook_controller.go:130.2,141.16 4 0
github.com/artamananda/tryout-sample/internal/controller/ebook_controller.go:141.16,143.3 1 0
github.com/artamananda/tryout-sample/internal/controller/ebook_controller.go:145.2,149.4 1 0
github.com/artamananda/tryout-sample/internal/controller/ebook_controller.go:162.66,166.16 4 0
github.com/artamananda/tryout-sample/internal/controller/ebook_controller.go:166.16,168.3 1 0
github.com/artamananda/tryout-sample/internal/controller/ebook_controller.go:171.2,172.21 2 0
github.com/artamananda/tryout-sample/internal/controller/ebook_controller.go:172.21,176.3 1 0
github.com/artamananda/tryout-sample/internal/controller/ebook_controller.go:179.2,183.16 3 0
github.com/artamananda/tryout-sample/internal/controller/ebook_controller.go:183.16,185.3 1 0
github.com/artamananda/tryout-sample/internal/controller/ebook_controller.go:187.2,198.16 4 0
github.com/artamananda/tryout-sample/internal/controller/ebook_controller.go:198.16,200.3 1 0
github.com/artamananda/tryout-sample/internal/controller/ebook_controller.go:202.2,206.4 1 0
github.com/artamananda/tryout-sample/internal/controller/ebook_controller.go:219.62,223.16 3 0
github.com/artamananda/tryout-sample/internal/controller/ebook_controller.go:223.16,225.3 1 0
github.com/artamananda/tryout-sample/internal/controller/ebook_controller.go:227.2,230.4 1 0
github.com/artamananda/tryout-sample/internal/controller/ebook_controller.go:242.64,246.16 3 0
github.com/artamananda/tryout-sample/internal/controller/ebook_controller.go:246.16,248.3 1 0
github.com/artamananda/tryout-sample/internal/controller/ebook_controller.go:250.2,254.4 1 0
github.com/artamananda/tryout-sample/internal/controller/ebook_controller.go:266.63,271.23 5 0
github.com/artamananda/tryout-sample/internal/controller/ebook_controller.go:271.23,272.28 1 0
github.com/artamananda/tryout-sample/internal/controller/ebook_controller.go:272.28,275.4 2 0
github.com/artamananda/tryout-sample/internal/controller/ebook_controller.go:275.9,275.36 1 0
github.com/artamananda/tryout-sample/internal/controller/ebook_controller.go:275.36,278.4 2 0
github.com/artamananda/tryout-sample/internal/controller/ebook_controller.go:281.2,293.4 3 0
github.com/artamananda/tryout-sample/internal/controller/program_controller.go:18.108,23.2 1 0
github.com/artamananda/tryout-sample/internal/controller/program_controller.go:25.59,32.2 6 0
github.com/artamananda/tryout-sample/internal/controller/program_controller.go:44.64,47.16 3 0
github.com/artamananda/tryout-sample/internal/controller/program_controller.go:47.16,49.3 1 0
github.com/artamananda/tryout-sample/internal/controller/program_controller.go:51.2,52.16 2 0
github.com/artamananda/tryout-sample/internal/controller/program_controller.go:52.16,54.3 1 0
github.com/artamananda/tryout-sample/internal/controller/program_controller.go:56.2,60.4 1 0
github.com/artamananda/tryout-sample/internal/controller/program_controller.go:74.64,78.16 4 0
github.com/artamananda/tryout-sample/internal/controller/program_controller.go:78.16,80.3 1 0
github.com/artamananda/tryout-sample/internal/controller/program_controller.go:82.2,83.16 2 0
github.com/artamananda/tryout-sample/internal/controller/program_controller.go:83.16,85.3 1 0
github.com/artamananda/tryout-sample/internal/controller/program_controller.go:87.2,91.4 1 0
github.com/artamananda/tryout-sample/internal/controller/program_controller.go:104.69,108.16 4 0
github.com/artamananda/tryout-sample/internal/controller/program_controller.go:108.16,110.3 1 0
github.com/artamananda/tryout-sample/internal/controller/program_controller.go:112.2,113.21 2 0
github.com/artamananda/tryout-sample/internal/controller/program_controller.go:113.21,117.3 1 0
github.com/artamananda/tryout-sample/internal/controller/program_controller.go:119.2,122.16 3 0
github.com/artamananda/tryout-sample/internal/controller/program_controller.go:122.16,124.3 1 0
github.com/artamananda/tryout-sample/internal/controller/program_controller.go:126.2,136.16 4 0
github.com/artamananda/tryout-sample/internal/controller/program_controller.go:136.16,138.3 1 0
github.com/artamananda/tryout-sample/internal/controller/program_controller.go:140.2,144.4 1 0
github.com/artamananda/tryout-sample/internal/controller/program_controller.go:157.64,160.16 3 0
github.com/artamananda/tryout-sample/internal/controller/program_controller.go:160.16,162.3 1 0
github.com/artamananda/tryout-sample/internal/controller/program_controller.go:164.2,168.4 1 0
github.com/artamananda/tryout-sample/internal/controller/program_controller.go:181.66,184.16 3 0
github.com/artamananda/tryout-sample/internal/controller/program_controller.go:184.16,186.3 1 0
github.com/artamananda/tryout-sample/internal/controller/program_controller.go:188.2,192.4 1 0
github.com/artamananda/tryout-sample/internal/controller/program_controller.go:207.65,210.16 3 0
github.com/artamananda/tryout-sample/internal/controller/program_controller.go:210.16,212.3 1 0
github.com/artamananda/tryout-sample/internal/controller/program_controller.go:214.2,215.16 2 0
github.com/artamananda/tryout-sample/internal/controller/program_controller.go:215.16,217.3 1 0
github.com/artamananda/tryout-sample/internal/controller/program_controller.go:219.2,230.4 2 0
github.com/artamananda/tryout-sample/internal/controller/question_controller.go:18.112,23.2 1 0
github.com/artamananda/tryout-sample/internal/controller/question_controller.go:25.60,32.2 6 0
github.com/artamananda/tryout-sample/internal/controller/question_controller.go:45.65,49.16 4 0
github.com/artamananda/tryout-sample/internal/controller/question_controller.go:49.16,51.3 1 0
github.com/artamananda/tryout-sample/internal/controller/question_controller.go:53.2,54.16 2 0
github.com/artamananda/tryout-sample/internal/controller/question_controller.go:54.16,56.3 1 0
github.com/artamananda/tryout-sample/internal/controller/question_controller.go:58.2,62.4 1 0
github.com/artamananda/tryout-sample/internal/controller/question_controller.go:76.65,80.16 4 0
github.com/artamananda/tryout-sample/internal/controller/question_controller.go:80.16,82.3 1 0
github.com/artamananda/tryout-sample/internal/controller/question_controller.go:84.2,85.16 2 0
github.com/artamananda/tryout-sample/internal/controller/question_controller.go:85.16,87.3 1 0
github.com/artamananda/tryout-sample/internal/controller/question_controller.go:89.2,93.4 1 0
github.com/artamananda/tryout-sample/internal/controller/question_controller.go:106.70,110.16 4 0
github.com/artamananda/tryout-sample/internal/controller/question_controller.go:110.16,112.3 1 0
github.com/artamananda/tryout-sample/internal/controller/question_controller.go:115.2,116.21 2 0
github.com/artamananda/tryout-sample/internal/controller/question_controller.go:116.21,120.3 1 0
github.com/artamananda/tryout-sample/internal/controller/question_controller.go:123.2,127.16 3 0
github.com/artamananda/tryout-sample/internal/controller/question_controller.go:127.16,129.3 1 0
github.com/artamananda/tryout-sample/internal/controller/question_controller.go:131.2,142.16 4 0
github.com/artamananda/tryout-sample/internal/controller/question_controller.go:142.16,144.3 1 0
github.com/artamananda/tryout-sample/internal/controller/question_controller.go:146.2,150.4 1 0
github.com/artamananda/tryout-sample/internal/controller/question_controller.go:163.65,167.16 3 0
github.com/artamananda/tryout-sample/internal/controller/question_controller.go:167.16,169.3 1 0
github.com/artamananda/tryout-sample/internal/controller/question_controller.go:171.2,174.4 1 0
github.com/artamananda/tryout-sample/internal/controller/question_controller.go:187.67,191.16 3 0
github.com/artamananda/tryout-sample/internal/controller/question_controller.go:191.16,193.3 1 0
github.com/artamananda/tryout-sample/internal/controller/question_controller.go:195.2,199.4 1 0
github.com/artamananda/tryout-sample/internal/controller/question_controller.go:212.66,217.20 4 0
github.com/artamananda/tryout-sample/internal/controller/question_controller.go:217.20,219.3 1 0
github.com/artamananda/tryout-sample/internal/controller/question_controller.go:219.8,221.3 1 0
github.com/artamananda/tryout-sample/internal/controller/question_controller.go:223.2,223.16 1 0
github.com/artamananda/tryout-sample/internal/controller/question_controller.go:223.16,225.3 1 0
github.com/artamananda/tryout-sample/internal/controller/question_controller.go:227.2,237.4 2 0
github.com/artamananda/tryout-sample/internal/controller/register_program_controller.go:15.140,20.2 1 0
github.com/artamananda/tryout-sample/internal/controller/register_program_controller.go:22.69,24.2 1 0
github.com/artamananda/tryout-sample/internal/controller/register_program_controller.go:45.81,48.16 3 0
github.com/artamananda/tryout-sample/internal/controller/register_program_controller.go:48.16,50.3 1 0
github.com/artamananda/tryout-sample/internal/controller/register_program_controller.go:52.2,53.21 2 0
github.com/artamananda/tryout-sample/internal/controller/register_program_controller.go:53.21,57.3 1 0
github.com/artamananda/tryout-sample/internal/controller/register_program_controller.go:59.2,62.16 3 0
github.com/artamananda/tryout-sample/internal/controller/register_program_controller.go:62.16,64.3 1 0
github.com/artamananda/tryout-sample/internal/controller/register_program_controller.go:66.2,89.16 15 0
github.com/artamananda/tryout-sample/internal/controller/register_program_controller.go:89.16,91.3 1 0
github.com/artamananda/tryout-sample/internal/controller/register_program_controller.go:93.2,96.4 1 0
github.com/artamananda/tryout-sample/internal/controller/transaction_program_controller.go:16.152,21.2 1 0
github.com/artamananda/tryout-sample/internal/controller/transaction_program_controller.go:23.70,29.2 5 0
github.com/artamananda/tryout-sample/internal/controller/transaction_program_controller.go:41.75,45.16 3 0
github.com/artamananda/tryout-sample/internal/controller/transaction_program_controller.go:45.16,47.3 1 0
github.com/artamananda/tryout-sample/internal/controller/transaction_program_controller.go:49.2,50.16 2 0
github.com/artamananda/tryout-sample/internal/controller/transaction_program_controller.go:50.16,52.3 1 0
github.com/artamananda/tryout-sample/internal/controller/transaction_program_controller.go:54.2,58.4 1 0
github.com/artamananda/tryout-sample/internal/controller/transaction_program_controller.go:72.75,76.16 3 0
github.com/artamananda/tryout-sample/internal/controller/transaction_program_controller.go:76.16,78.3 1 0
github.com/artamananda/tryout-sample/internal/controller/transaction_program_controller.go:80.2,81.16 2 0
github.com/artamananda/tryout-sample/internal/controller/transaction_program_controller.go:81.16,83.3 1 0
github.com/artamananda/tryout-sample/internal/controller/transaction_program_controller.go:85.2,89.4 1 0
github.com/artamananda/tryout-sample/internal/controller/transaction_program_controller.go:102.77,104.16 2 0
github.com/artamananda/tryout-sample/internal/controller/transaction_program_controller.go:104.16,106.3 1 0
github.com/artamananda/tryout-sample/internal/controller/transaction_program_controller.go:108.2,112.4 1 0
github.com/artamananda/tryout-sample/internal/controller/transaction_program_controller.go:126.76,129.16 3 0
github.com/artamananda/tryout-sample/internal/controller/transaction_program_controller.go:129.16,131.3 1 0
github.com/artamananda/tryout-sample/internal/controller/transaction_program_controller.go:133.2,145.4 3 0
github.com/artamananda/tryout-sample/internal/controller/transaction_program_controller.go:158.75,160.16 2 0
github.com/artamananda/tryout-sample/internal/controller/transaction_program_controller.go:160.16,162.3 1 0
github.com/artamananda/tryout-sample/internal/controller/transaction_program_controller.go:164.2,168.4 1 0
github.com/artamananda/tryout-sample/internal/controller/transaction_tryout_controller.go:19.186,25.2 1 0
github.com/artamananda/tryout-sample/internal/controller/transaction_tryout_controller.go:27.69,35.2 6 0
github.com/artamananda/tryout-sample/internal/controller/transaction_tryout_controller.go:47.74,50.16 3 0
github.com/artamananda/tryout-sample/internal/controller/transaction_tryout_controller.go:50.16,52.3 1 0
github.com/artamananda/tryout-sample/internal/controller/transaction_tryout_controller.go:54.2,55.16 2 0
github.com/artamananda/tryout-sample/internal/controller/transaction_tryout_controller.go:55.16,57.3 1 0
github.com/artamananda/tryout-sample/internal/controller/transaction_tryout_controller.go:59.2,63.4 1 0
github.com/artamananda/tryout-sample/internal/controller/transaction_tryout_controller.go:76.80,80.16 4 0
github.com/artamananda/tryout-sample/internal/controller/transaction_tryout_controller.go:80.16,82.3 1 0
github.com/artamananda/tryout-sample/internal/controller/transaction_tryout_controller.go:84.2,86.19 2 0
github.com/artamananda/tryout-sample/internal/controller/transaction_tryout_controller.go:86.19,92.3 1 0
github.com/artamananda/tryout-sample/internal/controller/transaction_tryout_controller.go:94.2,96.16 2 0
github.com/artamananda/tryout-sample/internal/controller/transaction_tryout_controller.go:96.16,102.3 1 0
github.com/artamananda/tryout-sample/internal/controller/transaction_tryout_controller.go:104.2,105.42 2 0
github.com/artamananda/tryout-sample/internal/controller/transaction_tryout_controller.go:105.42,107.3 1 0
github.com/artamananda/tryout-sample/internal/controller/transaction_tryout_controller.go:109.2,109.76 1 0
github.com/artamananda/tryout-sample/internal/controller/transaction_tryout_controller.go:109.76,111.3 1 0
github.com/artamananda/tryout-sample/internal/controller/transaction_tryout_controller.go:113.2,114.16 2 0
github.com/artamananda/tryout-sample/internal/controller/transaction_tryout_controller.go:114.16,116.3 1 0
github.com/artamananda/tryout-sample/internal/controller/transaction_tryout_controller.go:118.2,124.4 2 0
github.com/artamananda/tryout-sample/internal/controller/transaction_tryout_controller.go:137.82,141.16 4 0
github.com/artamananda/tryout-sample/internal/controller/transaction_tryout_controller.go:141.16,143.3 1 0
github.com/artamananda/tryout-sample/internal/controller/transaction_tryout_controller.go:145.2,147.16 2 0
github.com/artamananda/tryout-sample/internal/controller/transaction_tryout_controller.go:147.16,153.3 1 0
github.com/artamananda/tryout-sample/internal/controller/transaction_tryout_controller.go:155.2,155.40 1 0
github.com/artamananda/tryout-sample/internal/controller/transaction_tryout_controller.go:155.40,161.3 1 0
github.com/artamananda/tryout-sample/internal/controller/transaction_tryout_controller.go:163.2,164.40 2 0
github.com/artamananda/tryout-sample/internal/controller/transaction_tryout_controller.go:164.40,166.3 1 0
github.com/artamananda/tryout-sample/internal/controller/transaction_tryout_controller.go:168.2,169.16 2 0
github.com/artamananda/tryout-sample/internal/controller/transaction_tryout_controller.go:169.16,171.3 1 0
github.com/artamananda/tryout-sample/internal/controller/transaction_tryout_controller.go:173.2,177.4 1 0
github.com/artamananda/tryout-sample/internal/controller/transaction_tryout_controller.go:190.74,194.16 3 0
github.com/artamananda/tryout-sample/internal/controller/transaction_tryout_controller.go:194.16,196.3 1 0
github.com/artamananda/tryout-sample/internal/controller/transaction_tryout_controller.go:198.2,201.4 1 0
github.com/artamananda/tryout-sample/internal/controller/transaction_tryout_controller.go:214.76,218.16 3 0
github.com/artamananda/tryout-sample/internal/controller/transaction_tryout_controller.go:218.16,220.3 1 0
github.com/artamananda/tryout-sample/internal/controller/transaction_tryout_controller.go:222.2,226.4 1 0
github.com/artamananda/tryout-sample/internal/controller/transaction_tryout_controller.go:240.75,245.36 4 0
github.com/artamananda/tryout-sample/internal/controller/transaction_tryout_controller.go:245.36,247.17 2 0
github.com/artamananda/tryout-sample/internal/controller/transaction_tryout_controller.go:247.17,249.4 1 0
github.com/artamananda/tryout-sample/internal/controller/transaction_tryout_controller.go:250.8,252.3 1 0
github.com/artamananda/tryout-sample/internal/controller/transaction_tryout_controller.go:254.2,265.4 2 0
github.com/artamananda/tryout-sample/internal/controller/tryout_controller.go:18.104,20.2 1 0
github.com/artamananda/tryout-sample/internal/controller/tryout_controller.go:22.58,28.2 5 0
github.com/artamananda/tryout-sample/internal/controller/tryout_controller.go:40.63,43.16 3 0
github.com/artamananda/tryout-sample/internal/controller/tryout_controller.go:43.16,45.3 1 0
github.com/artamananda/tryout-sample/internal/controller/tryout_controller.go:47.2,48.16 2 0
github.com/artamananda/tryout-sample/internal/controller/tryout_controller.go:48.16,50.3 1 0
github.com/artamananda/tryout-sample/internal/controller/tryout_controller.go:52.2,56.4 1 0
github.com/artamananda/tryout-sample/internal/controller/tryout_controller.go:70.63,74.16 4 0
github.com/artamananda/tryout-sample/internal/controller/tryout_controller.go:74.16,76.3 1 0
github.com/artamananda/tryout-sample/internal/controller/tryout_controller.go:78.2,79.16 2 0
github.com/artamananda/tryout-sample/internal/controller/tryout_controller.go:79.16,81.3 1 0
github.com/artamananda/tryout-sample/internal/controller/tryout_controller.go:82.2,86.4 1 0
github.com/artamananda/tryout-sample/internal/controller/tryout_controller.go:99.63,103.16 3 0
github.com/artamananda/tryout-sample/internal/controller/tryout_controller.go:103.16,105.3 1 0
github.com/artamananda/tryout-sample/internal/controller/tryout_controller.go:107.2,110.4 1 0
github.com/artamananda/tryout-sample/internal/controller/tryout_controller.go:123.65,127.16 3 0
github.com/artamananda/tryout-sample/internal/controller/tryout_controller.go:127.16,129.3 1 0
github.com/artamananda/tryout-sample/internal/controller/tryout_controller.go:130.2,134.4 1 0
github.com/artamananda/tryout-sample/internal/controller/tryout_controller.go:148.64,157.76 7 0
github.com/artamananda/tryout-sample/internal/controller/tryout_controller.go:157.76,170.3 3 0
github.com/artamananda/tryout-sample/internal/controller/tryout_controller.go:172.2,183.4 3 0
github.com/artamananda/tryout-sample/internal/controller/user_answer_controller.go:17.120,19.2 1 0
github.com/artamananda/tryout-sample/internal/controller/user_answer_controller.go:21.62,28.2 6 0
github.com/artamananda/tryout-sample/internal/controller/user_answer_controller.go:40.67,43.16 3 0
github.com/artamananda/tryout-sample/internal/controller/user_answer_controller.go:43.16,45.3 1 0
github.com/artamananda/tryout-sample/internal/controller/user_answer_controller.go:47.2,48.16 2 0
github.com/artamananda/tryout-sample/internal/controller/user_answer_controller.go:48.16,50.3 1 0
github.com/artamananda/tryout-sample/internal/controller/user_answer_controller.go:52.2,56.4 1 0
github.com/artamananda/tryout-sample/internal/controller/user_answer_controller.go:70.67,74.16 4 0
github.com/artamananda/tryout-sample/internal/controller/user_answer_controller.go:74.16,76.3 1 0
github.com/artamananda/tryout-sample/internal/controller/user_answer_controller.go:78.2,79.16 2 0
github.com/artamananda/tryout-sample/internal/controller/user_answer_controller.go:79.16,81.3 1 0
github.com/artamananda/tryout-sample/internal/controller/user_answer_controller.go:82.2,86.4 1 0
github.com/artamananda/tryout-sample/internal/controller/user_answer_controller.go:99.67,103.16 3 0
github.com/artamananda/tryout-sample/internal/controller/user_answer_controller.go:103.16,105.3 1 0
github.com/artamananda/tryout-sample/internal/controller/user_answer_controller.go:107.2,110.4 1 0
github.com/artamananda/tryout-sample/internal/controller/user_answer_controller.go:124.73,129.22 4 0
github.com/artamananda/tryout-sample/internal/controller/user_answer_controller.go:129.22,130.34 1 0
github.com/artamananda/tryout-sample/internal/controller/user_answer_controller.go:130.34,131.55 1 0
github.com/artamananda/tryout-sample/internal/controller/user_answer_controller.go:131.55,143.5 2 0
github.com/artamananda/tryout-sample/internal/controller/user_answer_controller.go:146.2,156.4 2 0
github.com/artamananda/tryout-sample/internal/controller/user_answer_controller.go:169.69,173.16 3 0
github.com/artamananda/tryout-sample/internal/controller/user_answer_controller.go:173.16,175.3 1 0
github.com/artamananda/tryout-sample/internal/controller/user_answer_controller.go:176.2,180.4 1 0
github.com/artamananda/tryout-sample/internal/controller/user_answer_controller.go:192.68,205.2 3 0
github.com/artamananda/tryout-sample/internal/controller/user_controller.go:18.96,20.2 1 0
github.com/artamananda/tryout-sample/internal/controller/user_controller.go:22.56,35.2 12 0
github.com/artamananda/tryout-sample/internal/controller/user_controller.go:46.67,52.16 5 0
github.com/artamananda/tryout-sample/internal/controller/user_controller.go:52.16,54.3 1 0
github.com/artamananda/tryout-sample/internal/controller/user_controller.go:56.2,60.4 1 0
github.com/artamananda/tryout-sample/internal/controller/user_controller.go:73.61,79.16 5 0
github.com/artamananda/tryout-sample/internal/controller/user_controller.go:79.16,81.3 1 0
github.com/artamananda/tryout-sample/internal/controller/user_controller.go:83.2,87.4 1 0
github.com/artamananda/tryout-sample/internal/controller/user_controller.go:100.65,103.16 3 0
github.com/artamananda/tryout-sample/internal/controller/user_controller.go:103.16,105.3 1 0
github.com/artamananda/tryout-sample/internal/controller/user_controller.go:107.2,108.16 2 0
github.com/artamananda/tryout-sample/internal/controller/user_controller.go:108.16,110.3 1 0
github.com/artamananda/tryout-sample/internal/controller/user_controller.go:112.2,116.4 1 0
github.com/artamananda/tryout-sample/internal/controller/user_controller.go:130.61,137.16 6 0
github.com/artamananda/tryout-sample/internal/controller/user_controller.go:137.16,139.3 1 0
github.com/artamananda/tryout-sample/internal/controller/user_controller.go:140.2,144.4 1 0
github.com/artamananda/tryout-sample/internal/controller/user_controller.go:157.61,161.16 3 0
github.com/artamananda/tryout-sample/internal/controller/user_controller.go:161.16,163.3 1 0
github.com/artamananda/tryout-sample/internal/controller/user_controller.go:165.2,168.4 1 0
github.com/artamananda/tryout-sample/internal/controller/user_controller.go:180.63,184.16 3 0
github.com/artamananda/tryout-sample/internal/controller/user_controller.go:184.16,186.3 1 0
github.com/artamananda/tryout-sample/internal/controller/user_controller.go:187.2,191.4 1 0
github.com/artamananda/tryout-sample/internal/controller/user_controller.go:205.62,223.2 6 0
github.com/artamananda/tryout-sample/internal/controller/user_controller.go:234.69,240.16 5 0
github.com/artamananda/tryout-sample/internal/controller/user_controller.go:240.16,242.3 1 0
github.com/artamananda/tryout-sample/internal/controller/user_controller.go:244.2,255.4 3 0
github.com/artamananda/tryout-sample/internal/controller/user_controller.go:268.62,282.16 6 0
github.com/artamananda/tryout-sample/internal/controller/user_controller.go:282.16,284.3 1 0
github.com/artamananda/tryout-sample/internal/controller/user_controller.go:286.2,290.4 1 0
github.com/artamananda/tryout-sample/internal/controller/user_controller.go:302.67,308.16 5 0
github.com/artamananda/tryout-sample/internal/controller/user_controller.go:308.16,310.3 1 0
github.com/artamananda/tryout-sample/internal/controller/user_controller.go:312.2,316.4 1 0
github.com/artamananda/tryout-sample/internal/controller/user_controller.go:328.75,342.16 6 0
github.com/artamananda/tryout-sample/internal/controller/user_controller.go:342.16,344.3 1 0
github.com/artamananda/tryout-sample/internal/controller/user_controller.go:346.2,350.4 1 0
github.com/artamananda/tryout-sample/internal/controller/user_controller.go:362.68,368.16 5 0
github.com/artamananda/tryout-sample/internal/controller/user_controller.go:368.16,370.3 1 0
github.com/artamananda/tryout-sample/internal/controller/user_controller.go:372.2,376.4 1 0
github.com/artamananda/tryout-sample/internal/entity/ebook.go:26.33,28.2 1 0
github.com/artamananda/tryout-sample/internal/entity/program.go:24.35,26.2 1 0
github.com/artamananda/tryout-sample/internal/entity/question.go:25.36,27.2 1 0
github.com/artamananda/tryout-sample/internal/entity/transaction_program.go:22.46,24.2 1 0
github.com/artamananda/tryout-sample/internal/entity/transaction_tryout.go:21.45,23.2 1 0
github.com/artamananda/tryout-sample/internal/entity/tryout.go:22.34,24.2 1 0
github.com/artamananda/tryout-sample/internal/entity/user.go:27.32,29.2 1 0
github.com/artamananda/tryout-sample/internal/entity/user_answer.go:15.38,17.2 1 0
github.com/artamananda/tryout-sample/internal/entity/user_otp.go:14.35,16.2 1 0
github.com/artamananda/tryout-sample/internal/exception/error.go:5.36,6.16 1 4
github.com/artamananda/tryout-sample/internal/exception/error.go:6.16,9.3 1 4
github.com/artamananda/tryout-sample/internal/exception/error_handler.go:10.52,12.21 2 0
github.com/artamananda/tryout-sample/internal/exception/error_handler.go:12.21,23.3 5 0
github.com/artamananda/tryout-sample/internal/exception/error_handler.go:25.2,26.19 2 0
github.com/artamananda/tryout-sample/internal/exception/error_handler.go:26.19,32.3 1 0
github.com/artamananda/tryout-sample/internal/exception/error_handler.go:34.2,35.23 2 0
github.com/artamananda/tryout-sample/internal/exception/error_handler.go:35.23,41.3 1 0
github.com/artamananda/tryout-sample/internal/exception/error_handler.go:43.2,47.4 1 0
github.com/artamananda/tryout-sample/internal/exception/not_found_error.go:7.51,9.2 1 0
github.com/artamananda/tryout-sample/internal/exception/unauthorized_error.go:7.59,9.2 1 0
github.com/artamananda/tryout-sample/internal/exception/validation_error.go:7.55,9.2 1 0
github.com/artamananda/tryout-sample/internal/helper/aws.go:14.97,19.16 5 0
github.com/artamananda/tryout-sample/internal/helper/aws.go:19.16,21.3 1 0
github.com/artamananda/tryout-sample/internal/helper/aws.go:22.2,24.33 2 0
github.com/artamananda/tryout-sample/internal/helper/aws.go:24.33,26.3 1 0
github.com/artamananda/tryout-sample/internal/helper/aws.go:29.2,39.16 2 0
github.com/artamananda/tryout-sample/internal/helper/aws.go:39.16,41.3 1 0
github.com/artamananda/tryout-sample/internal/helper/aws.go:43.2,45.17 2 0
github.com/artamananda/tryout-sample/internal/helper/converter.go:5.48,6.17 1 0
github.com/artamananda/tryout-sample/internal/helper/converter.go:6.17,8.3 1 0
github.com/artamananda/tryout-sample/internal/helper/converter.go:10.2,11.16 2 0
github.com/artamananda/tryout-sample/internal/helper/converter.go:11.16,13.3 1 0
github.com/artamananda/tryout-sample/internal/helper/converter.go:15.2,15.16 1 0
github.com/artamananda/tryout-sample/internal/helper/generate_invoice.go:12.37,22.2 4 0
github.com/artamananda/tryout-sample/internal/helper/generate_otp.go:10.43,15.16 2 0
github.com/artamananda/tryout-sample/internal/helper/generate_otp.go:15.16,16.13 1 0
github.com/artamananda/tryout-sample/internal/helper/generate_otp.go:18.2,18.43 1 0
github.com/artamananda/tryout-sample/internal/helper/generate_username.go:5.51,7.19 2 0
github.com/artamananda/tryout-sample/internal/helper/generate_username.go:7.19,9.3 1 0
github.com/artamananda/tryout-sample/internal/helper/generate_username.go:10.2,13.17 4 0
github.com/artamananda/tryout-sample/internal/helper/template_email_otp.go:5.55,69.2 2 0
github.com/artamananda/tryout-sample/internal/helper/template_email_otp.go:71.87,208.2 2 0
github.com/artamananda/tryout-sample/internal/helper/template_email_otp.go:215.10,354.2 2 0
github.com/artamananda/tryout-sample/internal/helper/tx.go:9.35,11.16 2 0
github.com/artamananda/tryout-sample/internal/helper/tx.go:11.16,14.13 3 0
github.com/artamananda/tryout-sample/internal/helper/tx.go:15.8,18.3 2 0
github.com/artamananda/tryout-sample/internal/middleware/jwt.go:12.83,16.46 2 0
github.com/artamananda/tryout-sample/internal/middleware/jwt.go:16.46,23.30 5 0
github.com/artamananda/tryout-sample/internal/middleware/jwt.go:23.30,24.20 1 0
github.com/artamananda/tryout-sample/internal/middleware/jwt.go:24.20,26.6 1 0
github.com/artamananda/tryout-sample/internal/middleware/jwt.go:29.4,35.7 1 0
github.com/artamananda/tryout-sample/internal/middleware/jwt.go:37.53,38.49 1 0
github.com/artamananda/tryout-sample/internal/middleware/jwt.go:38.49,46.5 1 0
github.com/artamananda/tryout-sample/internal/middleware/jwt.go:46.10,54.5 1 0
github.com/artamananda/tryout-sample/internal/repository/ebook_repository.go:17.54,19.2 1 0
github.com/artamananda/tryout-sample/internal/repository/ebook_repository.go:21.106,24.16 3 0
github.com/artamananda/tryout-sample/internal/repository/ebook_repository.go:24.16,26.3 1 0
github.com/artamananda/tryout-sample/internal/repository/ebook_repository.go:27.2,27.19 1 0
github.com/artamananda/tryout-sample/internal/repository/ebook_repository.go:30.106,37.16 3 0
github.com/artamananda/tryout-sample/internal/repository/ebook_repository.go:37.16,39.3 1 0
github.com/artamananda/tryout-sample/internal/repository/ebook_repository.go:41.2,41.24 1 0
github.com/artamananda/tryout-sample/internal/repository/ebook_repository.go:41.24,43.3 1 0
github.com/artamananda/tryout-sample/internal/repository/ebook_repository.go:45.2,45.19 1 0
github.com/artamananda/tryout-sample/internal/repository/ebook_repository.go:48.90,50.16 2 0
github.com/artamananda/tryout-sample/internal/repository/ebook_repository.go:50.16,52.3 1 0
github.com/artamananda/tryout-sample/internal/repository/ebook_repository.go:53.2,53.12 1 0
github.com/artamananda/tryout-sample/internal/repository/ebook_repository.go:56.104,59.30 3 0
github.com/artamananda/tryout-sample/internal/repository/ebook_repository.go:59.30,61.3 1 0
github.com/artamananda/tryout-sample/internal/repository/ebook_repository.go:62.2,62.19 1 0
github.com/artamananda/tryout-sample/internal/repository/ebook_repository.go:65.114,69.25 3 0
github.com/artamananda/tryout-sample/internal/repository/ebook_repository.go:69.25,71.3 1 0
github.com/artamananda/tryout-sample/internal/repository/ebook_repository.go:73.2,73.31 1 0
github.com/artamananda/tryout-sample/internal/repository/ebook_repository.go:73.31,75.3 1 0
github.com/artamananda/tryout-sample/internal/repository/ebook_repository.go:77.2,78.15 2 0
github.com/artamananda/tryout-sample/internal/repository/program_repository.go:17.58,19.2 1 0
github.com/artamananda/tryout-sample/internal/repository/program_repository.go:21.114,24.16 3 0
github.com/artamananda/tryout-sample/internal/repository/program_repository.go:24.16,26.3 1 0
github.com/artamananda/tryout-sample/internal/repository/program_repository.go:27.2,27.21 1 0
github.com/artamananda/tryout-sample/internal/repository/program_repository.go:30.114,32.16 2 0
github.com/artamananda/tryout-sample/internal/repository/program_repository.go:32.16,34.3 1 0
github.com/artamananda/tryout-sample/internal/repository/program_repository.go:35.2,35.21 1 0
github.com/artamananda/tryout-sample/internal/repository/program_repository.go:38.93,40.16 2 0
github.com/artamananda/tryout-sample/internal/repository/program_repository.go:40.16,42.3 1 0
github.com/artamananda/tryout-sample/internal/repository/program_repository.go:43.2,43.12 1 0
github.com/artamananda/tryout-sample/internal/repository/program_repository.go:46.113,49.30 3 0
github.com/artamananda/tryout-sample/internal/repository/program_repository.go:49.30,51.3 1 0
github.com/artamananda/tryout-sample/internal/repository/program_repository.go:52.2,52.21 1 0
github.com/artamananda/tryout-sample/internal/repository/program_repository.go:55.121,59.25 3 0
github.com/artamananda/tryout-sample/internal/repository/program_repository.go:59.25,61.3 1 0
github.com/artamananda/tryout-sample/internal/repository/program_repository.go:63.2,63.31 1 0
github.com/artamananda/tryout-sample/internal/repository/program_repository.go:63.31,65.3 1 0
github.com/artamananda/tryout-sample/internal/repository/program_repository.go:67.2,67.25 1 0
github.com/artamananda/tryout-sample/internal/repository/program_repository.go:67.25,69.3 1 0
github.com/artamananda/tryout-sample/internal/repository/program_repository.go:71.2,74.17 3 0
github.com/artamananda/tryout-sample/internal/repository/question_repository.go:17.60,19.2 1 0
github.com/artamananda/tryout-sample/internal/repository/question_repository.go:21.118,24.16 3 0
github.com/artamananda/tryout-sample/internal/repository/question_repository.go:24.16,26.3 1 0
github.com/artamananda/tryout-sample/internal/repository/question_repository.go:27.2,27.22 1 0
github.com/artamananda/tryout-sample/internal/repository/question_repository.go:30.118,48.22 3 0
github.com/artamananda/tryout-sample/internal/repository/question_repository.go:48.22,50.3 1 0
github.com/artamananda/tryout-sample/internal/repository/question_repository.go:51.2,51.22 1 0
github.com/artamananda/tryout-sample/internal/repository/question_repository.go:54.95,56.16 2 0
github.com/artamananda/tryout-sample/internal/repository/question_repository.go:56.16,58.3 1 0
github.com/artamananda/tryout-sample/internal/repository/question_repository.go:59.2,59.12 1 0
github.com/artamananda/tryout-sample/internal/repository/question_repository.go:62.116,65.30 3 0
github.com/artamananda/tryout-sample/internal/repository/question_repository.go:65.30,67.3 1 0
github.com/artamananda/tryout-sample/internal/repository/question_repository.go:68.2,68.22 1 0
github.com/artamananda/tryout-sample/internal/repository/question_repository.go:71.122,74.16 3 0
github.com/artamananda/tryout-sample/internal/repository/question_repository.go:74.16,76.3 1 0
github.com/artamananda/tryout-sample/internal/repository/question_repository.go:77.2,77.23 1 0
github.com/artamananda/tryout-sample/internal/repository/question_repository.go:80.95,83.16 3 0
github.com/artamananda/tryout-sample/internal/repository/question_repository.go:83.16,85.3 1 0
github.com/artamananda/tryout-sample/internal/repository/question_repository.go:86.2,86.23 1 0
github.com/artamananda/tryout-sample/internal/repository/transaction_program_repository.go:18.80,20.2 1 0
github.com/artamananda/tryout-sample/internal/repository/transaction_program_repository.go:22.149,25.30 3 0
github.com/artamananda/tryout-sample/internal/repository/transaction_program_repository.go:25.30,29.3 3 0
github.com/artamananda/tryout-sample/internal/repository/transaction_program_repository.go:31.2,31.27 1 0
github.com/artamananda/tryout-sample/internal/repository/transaction_program_repository.go:34.149,39.2 3 0
github.com/artamananda/tryout-sample/internal/repository/transaction_program_repository.go:41.123,44.2 2 0
github.com/artamananda/tryout-sample/internal/repository/transaction_program_repository.go:46.143,49.30 3 0
github.com/artamananda/tryout-sample/internal/repository/transaction_program_repository.go:49.30,51.3 1 0
github.com/artamananda/tryout-sample/internal/repository/transaction_program_repository.go:52.2,52.32 1 0
github.com/artamananda/tryout-sample/internal/repository/transaction_program_repository.go:55.154,59.26 3 0
github.com/artamananda/tryout-sample/internal/repository/transaction_program_repository.go:59.26,62.3 1 0
github.com/artamananda/tryout-sample/internal/repository/transaction_program_repository.go:64.2,64.25 1 0
github.com/artamananda/tryout-sample/internal/repository/transaction_program_repository.go:64.25,66.3 1 0
github.com/artamananda/tryout-sample/internal/repository/transaction_program_repository.go:68.2,68.28 1 0
github.com/artamananda/tryout-sample/internal/repository/transaction_program_repository.go:68.28,70.3 1 0
github.com/artamananda/tryout-sample/internal/repository/transaction_program_repository.go:72.2,73.28 2 0
github.com/artamananda/tryout-sample/internal/repository/transaction_tryout_repository.go:17.78,19.2 1 0
github.com/artamananda/tryout-sample/internal/repository/transaction_tryout_repository.go:21.145,24.30 3 0
github.com/artamananda/tryout-sample/internal/repository/transaction_tryout_repository.go:24.30,28.3 3 0
github.com/artamananda/tryout-sample/internal/repository/transaction_tryout_repository.go:30.2,30.32 1 0
github.com/artamananda/tryout-sample/internal/repository/transaction_tryout_repository.go:33.145,41.2 5 0
github.com/artamananda/tryout-sample/internal/repository/transaction_tryout_repository.go:43.120,46.2 2 0
github.com/artamananda/tryout-sample/internal/repository/transaction_tryout_repository.go:48.140,51.30 3 0
github.com/artamananda/tryout-sample/internal/repository/transaction_tryout_repository.go:51.30,53.3 1 0
github.com/artamananda/tryout-sample/internal/repository/transaction_tryout_repository.go:54.2,54.31 1 0
github.com/artamananda/tryout-sample/internal/repository/transaction_tryout_repository.go:57.159,70.27 5 0
github.com/artamananda/tryout-sample/internal/repository/transaction_tryout_repository.go:70.27,72.3 1 0
github.com/artamananda/tryout-sample/internal/repository/transaction_tryout_repository.go:74.2,74.37 1 0
github.com/artamananda/tryout-sample/internal/repository/transaction_tryout_repository.go:77.104,81.2 3 0
github.com/artamananda/tryout-sample/internal/repository/tryout_repository.go:18.56,20.2 1 0
github.com/artamananda/tryout-sample/internal/repository/tryout_repository.go:22.101,27.2 4 0
github.com/artamananda/tryout-sample/internal/repository/tryout_repository.go:29.101,38.25 4 0
github.com/artamananda/tryout-sample/internal/repository/tryout_repository.go:38.25,40.3 1 0
github.com/artamananda/tryout-sample/internal/repository/tryout_repository.go:42.2,42.15 1 0
github.com/artamananda/tryout-sample/internal/repository/tryout_repository.go:45.87,48.2 2 0
github.com/artamananda/tryout-sample/internal/repository/tryout_repository.go:50.107,53.30 3 0
github.com/artamananda/tryout-sample/internal/repository/tryout_repository.go:53.30,55.3 1 0
github.com/artamananda/tryout-sample/internal/repository/tryout_repository.go:56.2,56.20 1 0
github.com/artamananda/tryout-sample/internal/repository/tryout_repository.go:59.117,63.25 3 0
github.com/artamananda/tryout-sample/internal/repository/tryout_repository.go:63.25,65.3 1 0
github.com/artamananda/tryout-sample/internal/repository/tryout_repository.go:67.2,67.31 1 0
github.com/artamananda/tryout-sample/internal/repository/tryout_repository.go:67.31,69.3 1 0
github.com/artamananda/tryout-sample/internal/repository/tryout_repository.go:71.2,72.16 2 0
github.com/artamananda/tryout-sample/internal/repository/user_answer_repository.go:17.64,19.2 1 0
github.com/artamananda/tryout-sample/internal/repository/user_answer_repository.go:21.118,24.16 3 0
github.com/artamananda/tryout-sample/internal/repository/user_answer_repository.go:24.16,26.3 1 0
github.com/artamananda/tryout-sample/internal/repository/user_answer_repository.go:27.2,27.20 1 0
github.com/artamananda/tryout-sample/internal/repository/user_answer_repository.go:30.118,32.16 2 0
github.com/artamananda/tryout-sample/internal/repository/user_answer_repository.go:32.16,34.3 1 0
github.com/artamananda/tryout-sample/internal/repository/user_answer_repository.go:35.2,35.20 1 0
github.com/artamananda/tryout-sample/internal/repository/user_answer_repository.go:38.100,40.16 2 0
github.com/artamananda/tryout-sample/internal/repository/user_answer_repository.go:40.16,42.3 1 0
github.com/artamananda/tryout-sample/internal/repository/user_answer_repository.go:45.121,48.30 3 0
github.com/artamananda/tryout-sample/internal/repository/user_answer_repository.go:48.30,50.3 1 0
github.com/artamananda/tryout-sample/internal/repository/user_answer_repository.go:51.2,51.25 1 0
github.com/artamananda/tryout-sample/internal/repository/user_answer_repository.go:54.113,58.2 3 0
github.com/artamananda/tryout-sample/internal/repository/user_answer_repository.go:60.90,64.2 3 0
github.com/artamananda/tryout-sample/internal/repository/user_repository.go:19.52,21.2 1 0
github.com/artamananda/tryout-sample/internal/repository/user_repository.go:23.93,25.20 2 0
github.com/artamananda/tryout-sample/internal/repository/user_repository.go:25.20,27.3 1 0
github.com/artamananda/tryout-sample/internal/repository/user_repository.go:28.2,31.13 4 0
github.com/artamananda/tryout-sample/internal/repository/user_repository.go:34.93,39.2 3 0
github.com/artamananda/tryout-sample/internal/repository/user_repository.go:41.81,44.2 2 0
github.com/artamananda/tryout-sample/internal/repository/user_repository.go:46.101,49.30 3 0
github.com/artamananda/tryout-sample/internal/repository/user_repository.go:49.30,51.3 1 0
github.com/artamananda/tryout-sample/internal/repository/user_repository.go:52.2,52.18 1 0
github.com/artamananda/tryout-sample/internal/repository/user_repository.go:55.111,59.25 3 0
github.com/artamananda/tryout-sample/internal/repository/user_repository.go:59.25,61.3 1 0
github.com/artamananda/tryout-sample/internal/repository/user_repository.go:63.2,63.23 1 0
github.com/artamananda/tryout-sample/internal/repository/user_repository.go:63.23,65.3 1 0
github.com/artamananda/tryout-sample/internal/repository/user_repository.go:66.2,68.14 3 0
github.com/artamananda/tryout-sample/internal/repository/user_repository.go:71.106,74.30 3 0
github.com/artamananda/tryout-sample/internal/repository/user_repository.go:74.30,76.3 1 0
github.com/artamananda/tryout-sample/internal/repository/user_repository.go:77.2,77.24 1 0
github.com/artamananda/tryout-sample/internal/repository/user_repository.go:80.106,88.16 3 0
github.com/artamananda/tryout-sample/internal/repository/user_repository.go:88.16,90.3 1 0
github.com/artamananda/tryout-sample/internal/repository/user_repository.go:91.2,91.17 1 0
github.com/artamananda/tryout-sample/internal/repository/user_repository.go:94.109,97.25 3 0
github.com/artamananda/tryout-sample/internal/repository/user_repository.go:97.25,98.54 1 0
github.com/artamananda/tryout-sample/internal/repository/user_repository.go:98.54,100.4 1 0
github.com/artamananda/tryout-sample/internal/repository/user_repository.go:101.3,101.40 1 0
github.com/artamananda/tryout-sample/internal/repository/user_repository.go:104.2,104.17 1 0
github.com/artamananda/tryout-sample/internal/repository/user_repository.go:107.111,116.2 3 0
github.com/artamananda/tryout-sample/internal/repository/user_repository.go:118.103,121.30 3 0
github.com/artamananda/tryout-sample/internal/repository/user_repository.go:121.30,123.3 1 0
github.com/artamananda/tryout-sample/internal/repository/user_repository.go:124.2,124.18 1 0
github.com/artamananda/tryout-sample/internal/service/ebook_service.go:21.108,26.2 1 0
github.com/artamananda/tryout-sample/internal/service/ebook_service.go:28.121,30.16 2 0
github.com/artamananda/tryout-sample/internal/service/ebook_service.go:30.16,34.3 1 0
github.com/artamananda/tryout-sample/internal/service/ebook_service.go:36.2,51.16 3 0
github.com/artamananda/tryout-sample/internal/service/ebook_service.go:51.16,53.3 1 0
github.com/artamananda/tryout-sample/internal/service/ebook_service.go:55.2,70.8 1 0
github.com/artamananda/tryout-sample/internal/service/ebook_service.go:73.137,75.16 2 0
github.com/artamananda/tryout-sample/internal/service/ebook_service.go:75.16,79.3 1 0
github.com/artamananda/tryout-sample/internal/service/ebook_service.go:81.2,82.16 2 0
github.com/artamananda/tryout-sample/internal/service/ebook_service.go:82.16,86.3 1 0
github.com/artamananda/tryout-sample/internal/service/ebook_service.go:88.2,103.16 14 0
github.com/artamananda/tryout-sample/internal/service/ebook_service.go:103.16,105.3 1 0
github.com/artamananda/tryout-sample/internal/service/ebook_service.go:107.2,122.8 1 0
github.com/artamananda/tryout-sample/internal/service/ebook_service.go:125.141,127.16 2 0
github.com/artamananda/tryout-sample/internal/service/ebook_service.go:127.16,131.3 1 0
github.com/artamananda/tryout-sample/internal/service/ebook_service.go:133.2,134.16 2 0
github.com/artamananda/tryout-sample/internal/service/ebook_service.go:134.16,136.3 1 0
github.com/artamananda/tryout-sample/internal/service/ebook_service.go:138.2,140.16 2 0
github.com/artamananda/tryout-sample/internal/service/ebook_service.go:140.16,142.3 1 0
github.com/artamananda/tryout-sample/internal/service/ebook_service.go:144.2,149.16 4 0
github.com/artamananda/tryout-sample/internal/service/ebook_service.go:149.16,153.3 1 0
github.com/artamananda/tryout-sample/internal/service/ebook_service.go:155.2,170.8 1 0
github.com/artamananda/tryout-sample/internal/service/ebook_service.go:173.140,175.16 2 0
github.com/artamananda/tryout-sample/internal/service/ebook_service.go:175.16,179.3 1 0
github.com/artamananda/tryout-sample/internal/service/ebook_service.go:181.2,182.16 2 0
github.com/artamananda/tryout-sample/internal/service/ebook_service.go:182.16,184.3 1 0
github.com/artamananda/tryout-sample/internal/service/ebook_service.go:186.2,188.16 2 0
github.com/artamananda/tryout-sample/internal/service/ebook_service.go:188.16,190.3 1 0
github.com/artamananda/tryout-sample/internal/service/ebook_service.go:192.2,197.16 4 0
github.com/artamananda/tryout-sample/internal/service/ebook_service.go:197.16,201.3 1 0
github.com/artamananda/tryout-sample/internal/service/ebook_service.go:203.2,218.8 1 0
github.com/artamananda/tryout-sample/internal/service/ebook_service.go:221.80,223.16 2 0
github.com/artamananda/tryout-sample/internal/service/ebook_service.go:223.16,227.3 1 0
github.com/artamananda/tryout-sample/internal/service/ebook_service.go:229.2,231.12 2 0
github.com/artamananda/tryout-sample/internal/service/ebook_service.go:234.105,236.16 2 0
github.com/artamananda/tryout-sample/internal/service/ebook_service.go:236.16,238.3 1 0
github.com/artamananda/tryout-sample/internal/service/ebook_service.go:240.2,255.8 1 0
github.com/artamananda/tryout-sample/internal/service/ebook_service.go:258.115,262.31 3 0
github.com/artamananda/tryout-sample/internal/service/ebook_service.go:262.31,281.3 1 0
github.com/artamananda/tryout-sample/internal/service/ebook_service.go:282.2,282.22 1 0
github.com/artamananda/tryout-sample/internal/service/ebook_service.go:282.22,284.3 1 0
github.com/artamananda/tryout-sample/internal/service/ebook_service.go:285.2,285.23 1 0
github.com/artamananda/tryout-sample/internal/service/ebook_service.go:288.122,292.31 3 0
github.com/artamananda/tryout-sample/internal/service/ebook_service.go:292.31,311.3 1 0
github.com/artamananda/tryout-sample/internal/service/ebook_service.go:312.2,312.22 1 0
github.com/artamananda/tryout-sample/internal/service/ebook_service.go:312.22,314.3 1 0
github.com/artamananda/tryout-sample/internal/service/ebook_service.go:315.2,315.23 1 0
github.com/artamananda/tryout-sample/internal/service/program_service.go:22.116,27.2 1 0
github.com/artamananda/tryout-sample/internal/service/program_service.go:29.127,31.16 2 0
github.com/artamananda/tryout-sample/internal/service/program_service.go:31.16,35.3 1 0
github.com/artamananda/tryout-sample/internal/service/program_service.go:37.2,50.16 3 0
github.com/artamananda/tryout-sample/internal/service/program_service.go:50.16,52.3 1 0
github.com/artamananda/tryout-sample/internal/service/program_service.go:54.2,64.8 1 0
github.com/artamananda/tryout-sample/internal/service/program_service.go:67.145,69.16 2 0
github.com/artamananda/tryout-sample/internal/service/program_service.go:69.16,73.3 1 0
github.com/artamananda/tryout-sample/internal/service/program_service.go:75.2,89.16 3 0
github.com/artamananda/tryout-sample/internal/service/program_service.go:89.16,91.3 1 0
github.com/artamananda/tryout-sample/internal/service/program_service.go:93.2,103.8 1 0
github.com/artamananda/tryout-sample/internal/service/program_service.go:106.147,108.16 2 0
github.com/artamananda/tryout-sample/internal/service/program_service.go:108.16,112.3 1 0
github.com/artamananda/tryout-sample/internal/service/program_service.go:114.2,115.16 2 0
github.com/artamananda/tryout-sample/internal/service/program_service.go:115.16,117.3 1 0
github.com/artamananda/tryout-sample/internal/service/program_service.go:119.2,121.16 2 0
github.com/artamananda/tryout-sample/internal/service/program_service.go:121.16,123.3 1 0
github.com/artamananda/tryout-sample/internal/service/program_service.go:125.2,130.16 4 0
github.com/artamananda/tryout-sample/internal/service/program_service.go:130.16,134.3 1 0
github.com/artamananda/tryout-sample/internal/service/program_service.go:136.2,147.8 1 0
github.com/artamananda/tryout-sample/internal/service/program_service.go:150.84,152.16 2 0
github.com/artamananda/tryout-sample/internal/service/program_service.go:152.16,154.3 1 0
github.com/artamananda/tryout-sample/internal/service/program_service.go:155.2,155.12 1 0
github.com/artamananda/tryout-sample/internal/service/program_service.go:158.111,160.16 2 0
github.com/artamananda/tryout-sample/internal/service/program_service.go:160.16,162.3 1 0
github.com/artamananda/tryout-sample/internal/service/program_service.go:163.2,173.8 1 0
github.com/artamananda/tryout-sample/internal/service/program_service.go:176.132,180.35 3 0
github.com/artamananda/tryout-sample/internal/service/program_service.go:180.35,192.3 1 0
github.com/artamananda/tryout-sample/internal/service/program_service.go:194.2,194.22 1 0
github.com/artamananda/tryout-sample/internal/service/question_service.go:22.120,27.2 1 0
github.com/artamananda/tryout-sample/internal/service/question_service.go:29.147,31.16 2 0
github.com/artamananda/tryout-sample/internal/service/question_service.go:31.16,35.3 1 0
github.com/artamananda/tryout-sample/internal/service/question_service.go:37.2,51.16 3 0
github.com/artamananda/tryout-sample/internal/service/question_service.go:51.16,53.3 1 0
github.com/artamananda/tryout-sample/internal/service/question_service.go:55.2,66.8 1 0
github.com/artamananda/tryout-sample/internal/service/question_service.go:69.149,71.16 2 0
github.com/artamananda/tryout-sample/internal/service/question_service.go:71.16,75.3 1 0
github.com/artamananda/tryout-sample/internal/service/question_service.go:77.2,78.16 2 0
github.com/artamananda/tryout-sample/internal/service/question_service.go:78.16,80.3 1 0
github.com/artamananda/tryout-sample/internal/service/question_service.go:82.2,94.16 11 0
github.com/artamananda/tryout-sample/internal/service/question_service.go:94.16,98.3 1 0
github.com/artamananda/tryout-sample/internal/service/question_service.go:100.2,111.8 1 0
github.com/artamananda/tryout-sample/internal/service/question_service.go:114.150,116.16 2 0
github.com/artamananda/tryout-sample/internal/service/question_service.go:116.16,120.3 1 0
github.com/artamananda/tryout-sample/internal/service/question_service.go:122.2,123.16 2 0
github.com/artamananda/tryout-sample/internal/service/question_service.go:123.16,125.3 1 0
github.com/artamananda/tryout-sample/internal/service/question_service.go:127.2,129.16 2 0
github.com/artamananda/tryout-sample/internal/service/question_service.go:129.16,131.3 1 0
github.com/artamananda/tryout-sample/internal/service/question_service.go:133.2,138.16 4 0
github.com/artamananda/tryout-sample/internal/service/question_service.go:138.16,142.3 1 0
github.com/artamananda/tryout-sample/internal/service/question_service.go:144.2,155.8 1 0
github.com/artamananda/tryout-sample/internal/service/question_service.go:158.86,160.16 2 0
github.com/artamananda/tryout-sample/internal/service/question_service.go:160.16,162.3 1 0
github.com/artamananda/tryout-sample/internal/service/question_service.go:163.2,163.12 1 0
github.com/artamananda/tryout-sample/internal/service/question_service.go:166.114,168.16 2 0
github.com/artamananda/tryout-sample/internal/service/question_service.go:168.16,170.3 1 0
github.com/artamananda/tryout-sample/internal/service/question_service.go:172.2,183.8 1 0
github.com/artamananda/tryout-sample/internal/service/question_service.go:186.120,188.16 2 0
github.com/artamananda/tryout-sample/internal/service/question_service.go:188.16,190.3 1 0
github.com/artamananda/tryout-sample/internal/service/question_service.go:192.2,193.37 2 0
github.com/artamananda/tryout-sample/internal/service/question_service.go:193.37,206.3 1 0
github.com/artamananda/tryout-sample/internal/service/question_service.go:207.2,207.25 1 0
github.com/artamananda/tryout-sample/internal/service/question_service.go:207.25,209.3 1 0
github.com/artamananda/tryout-sample/internal/service/question_service.go:210.2,210.31 1 0
github.com/artamananda/tryout-sample/internal/service/question_service.go:213.96,215.16 2 0
github.com/artamananda/tryout-sample/internal/service/question_service.go:215.16,217.3 1 0
github.com/artamananda/tryout-sample/internal/service/question_service.go:219.2,220.37 2 0
github.com/artamananda/tryout-sample/internal/service/question_service.go:220.37,235.3 1 0
github.com/artamananda/tryout-sample/internal/service/question_service.go:236.2,236.25 1 0
github.com/artamananda/tryout-sample/internal/service/question_service.go:236.25,238.3 1 0
github.com/artamananda/tryout-sample/internal/service/question_service.go:239.2,239.31 1 0
github.com/artamananda/tryout-sample/internal/service/register_program_service.go:25.195,32.2 1 0
github.com/artamananda/tryout-sample/internal/service/register_program_service.go:34.150,36.16 2 0
github.com/artamananda/tryout-sample/internal/service/register_program_service.go:36.16,40.3 1 0
github.com/artamananda/tryout-sample/internal/service/register_program_service.go:42.2,45.16 3 0
github.com/artamananda/tryout-sample/internal/service/register_program_service.go:45.16,47.3 1 0
github.com/artamananda/tryout-sample/internal/service/register_program_service.go:49.2,58.16 2 0
github.com/artamananda/tryout-sample/internal/service/register_program_service.go:58.16,60.3 1 0
github.com/artamananda/tryout-sample/internal/service/register_program_service.go:62.2,81.16 6 0
github.com/artamananda/tryout-sample/internal/service/register_program_service.go:81.16,83.3 1 0
github.com/artamananda/tryout-sample/internal/service/register_program_service.go:85.2,101.16 9 0
github.com/artamananda/tryout-sample/internal/service/register_program_service.go:101.16,103.3 1 0
github.com/artamananda/tryout-sample/internal/service/register_program_service.go:105.2,107.12 2 0
github.com/artamananda/tryout-sample/internal/service/transaction_program_service.go:21.181,26.2 1 0
github.com/artamananda/tryout-sample/internal/service/transaction_program_service.go:28.160,30.16 2 0
github.com/artamananda/tryout-sample/internal/service/transaction_program_service.go:30.16,34.3 1 0
github.com/artamananda/tryout-sample/internal/service/transaction_program_service.go:36.2,37.16 2 0
github.com/artamananda/tryout-sample/internal/service/transaction_program_service.go:37.16,41.3 1 0
github.com/artamananda/tryout-sample/internal/service/transaction_program_service.go:43.2,43.52 1 0
github.com/artamananda/tryout-sample/internal/service/transaction_program_service.go:43.52,47.3 1 0
github.com/artamananda/tryout-sample/internal/service/transaction_program_service.go:49.2,49.52 1 0
github.com/artamananda/tryout-sample/internal/service/transaction_program_service.go:49.52,53.3 1 0
github.com/artamananda/tryout-sample/internal/service/transaction_program_service.go:55.2,59.59 2 0
github.com/artamananda/tryout-sample/internal/service/transaction_program_service.go:59.59,60.59 1 0
github.com/artamananda/tryout-sample/internal/service/transaction_program_service.go:60.59,64.4 1 0
github.com/artamananda/tryout-sample/internal/service/transaction_program_service.go:67.2,67.62 1 0
github.com/artamananda/tryout-sample/internal/service/transaction_program_service.go:67.62,71.3 1 0
github.com/artamananda/tryout-sample/internal/service/transaction_program_service.go:73.2,99.8 5 0
github.com/artamananda/tryout-sample/internal/service/transaction_program_service.go:102.189,104.16 2 0
github.com/artamananda/tryout-sample/internal/service/transaction_program_service.go:104.16,108.3 1 0
github.com/artamananda/tryout-sample/internal/service/transaction_program_service.go:110.2,129.8 3 0
github.com/artamananda/tryout-sample/internal/service/transaction_program_service.go:132.106,135.16 2 0
github.com/artamananda/tryout-sample/internal/service/transaction_program_service.go:135.16,137.3 1 0
github.com/artamananda/tryout-sample/internal/service/transaction_program_service.go:139.2,141.12 2 0
github.com/artamananda/tryout-sample/internal/service/transaction_program_service.go:144.144,146.16 2 0
github.com/artamananda/tryout-sample/internal/service/transaction_program_service.go:146.16,148.3 1 0
github.com/artamananda/tryout-sample/internal/service/transaction_program_service.go:150.2,190.8 3 0
github.com/artamananda/tryout-sample/internal/service/transaction_program_service.go:193.155,197.57 3 0
github.com/artamananda/tryout-sample/internal/service/transaction_program_service.go:197.57,239.3 3 0
github.com/artamananda/tryout-sample/internal/service/transaction_program_service.go:241.2,241.17 1 0
github.com/artamananda/tryout-sample/internal/service/transaction_tryout_service.go:18.128,22.2 1 0
github.com/artamananda/tryout-sample/internal/service/transaction_tryout_service.go:24.157,26.16 2 0
github.com/artamananda/tryout-sample/internal/service/transaction_tryout_service.go:26.16,28.3 1 0
github.com/artamananda/tryout-sample/internal/service/transaction_tryout_service.go:29.2,44.8 3 0
github.com/artamananda/tryout-sample/internal/service/transaction_tryout_service.go:47.185,49.16 2 0
github.com/artamananda/tryout-sample/internal/service/transaction_tryout_service.go:49.16,51.3 1 0
github.com/artamananda/tryout-sample/internal/service/transaction_tryout_service.go:53.2,54.16 2 0
github.com/artamananda/tryout-sample/internal/service/transaction_tryout_service.go:54.16,56.3 1 0
github.com/artamananda/tryout-sample/internal/service/transaction_tryout_service.go:58.2,73.8 7 0
github.com/artamananda/tryout-sample/internal/service/transaction_tryout_service.go:76.104,78.16 2 0
github.com/artamananda/tryout-sample/internal/service/transaction_tryout_service.go:78.16,80.3 1 0
github.com/artamananda/tryout-sample/internal/service/transaction_tryout_service.go:82.2,84.12 2 0
github.com/artamananda/tryout-sample/internal/service/transaction_tryout_service.go:87.141,89.16 2 0
github.com/artamananda/tryout-sample/internal/service/transaction_tryout_service.go:89.16,91.3 1 0
github.com/artamananda/tryout-sample/internal/service/transaction_tryout_service.go:93.2,100.8 1 0
github.com/artamananda/tryout-sample/internal/service/transaction_tryout_service.go:103.160,106.16 3 0
github.com/artamananda/tryout-sample/internal/service/transaction_tryout_service.go:106.16,108.3 1 0
github.com/artamananda/tryout-sample/internal/service/transaction_tryout_service.go:110.2,112.43 2 0
github.com/artamananda/tryout-sample/internal/service/transaction_tryout_service.go:112.43,113.72 1 0
github.com/artamananda/tryout-sample/internal/service/transaction_tryout_service.go:113.72,115.4 1 0
github.com/artamananda/tryout-sample/internal/service/transaction_tryout_service.go:118.2,140.8 2 0
github.com/artamananda/tryout-sample/internal/service/transaction_tryout_service.go:143.105,147.55 3 0
github.com/artamananda/tryout-sample/internal/service/transaction_tryout_service.go:147.55,158.3 1 0
github.com/artamananda/tryout-sample/internal/service/transaction_tryout_service.go:159.2,159.34 1 0
github.com/artamananda/tryout-sample/internal/service/transaction_tryout_service.go:159.34,161.3 1 0
github.com/artamananda/tryout-sample/internal/service/transaction_tryout_service.go:163.2,163.34 1 0
github.com/artamananda/tryout-sample/internal/service/tryout_service.go:18.84,22.2 1 0
github.com/artamananda/tryout-sample/internal/service/tryout_service.go:24.124,26.16 2 0
github.com/artamananda/tryout-sample/internal/service/tryout_service.go:26.16,30.3 1 0
github.com/artamananda/tryout-sample/internal/service/tryout_service.go:32.2,51.8 3 0
github.com/artamananda/tryout-sample/internal/service/tryout_service.go:54.141,56.16 2 0
github.com/artamananda/tryout-sample/internal/service/tryout_service.go:56.16,60.3 1 0
github.com/artamananda/tryout-sample/internal/service/tryout_service.go:62.2,63.16 2 0
github.com/artamananda/tryout-sample/internal/service/tryout_service.go:63.16,67.3 1 0
github.com/artamananda/tryout-sample/internal/service/tryout_service.go:69.2,86.8 8 0
github.com/artamananda/tryout-sample/internal/service/tryout_service.go:89.82,91.16 2 0
github.com/artamananda/tryout-sample/internal/service/tryout_service.go:91.16,95.3 1 0
github.com/artamananda/tryout-sample/internal/service/tryout_service.go:97.2,99.12 2 0
github.com/artamananda/tryout-sample/internal/service/tryout_service.go:102.108,104.16 2 0
github.com/artamananda/tryout-sample/internal/service/tryout_service.go:104.16,106.3 1 0
github.com/artamananda/tryout-sample/internal/service/tryout_service.go:108.2,115.8 1 0
github.com/artamananda/tryout-sample/internal/service/tryout_service.go:118.118,122.33 3 0
github.com/artamananda/tryout-sample/internal/service/tryout_service.go:122.33,133.3 1 0
github.com/artamananda/tryout-sample/internal/service/tryout_service.go:134.2,134.23 1 0
github.com/artamananda/tryout-sample/internal/service/tryout_service.go:134.23,136.3 1 0
github.com/artamananda/tryout-sample/internal/service/tryout_service.go:137.2,137.24 1 0
github.com/artamananda/tryout-sample/internal/service/tryout_service.go:140.125,144.33 3 0
github.com/artamananda/tryout-sample/internal/service/tryout_service.go:144.33,156.3 1 0
github.com/artamananda/tryout-sample/internal/service/tryout_service.go:157.2,157.23 1 0
github.com/artamananda/tryout-sample/internal/service/tryout_service.go:157.23,159.3 1 0
github.com/artamananda/tryout-sample/internal/service/tryout_service.go:160.2,160.24 1 0
github.com/artamananda/tryout-sample/internal/service/tryout_service.go:163.105,165.16 2 0
github.com/artamananda/tryout-sample/internal/service/tryout_service.go:165.16,167.3 1 0
github.com/artamananda/tryout-sample/internal/service/tryout_service.go:169.2,169.27 1 0
github.com/artamananda/tryout-sample/internal/service/tryout_service.go:169.27,171.3 1 0
github.com/artamananda/tryout-sample/internal/service/tryout_service.go:173.2,173.14 1 0
github.com/artamananda/tryout-sample/internal/service/user_answer_service.go:17.100,21.2 1 0
github.com/artamananda/tryout-sample/internal/service/user_answer_service.go:23.136,25.16 2 0
github.com/artamananda/tryout-sample/internal/service/user_answer_service.go:25.16,29.3 1 0
github.com/artamananda/tryout-sample/internal/service/user_answer_service.go:31.2,46.8 3 0
github.com/artamananda/tryout-sample/internal/service/user_answer_service.go:49.157,51.16 2 0
github.com/artamananda/tryout-sample/internal/service/user_answer_service.go:51.16,55.3 1 0
github.com/artamananda/tryout-sample/internal/service/user_answer_service.go:57.2,58.16 2 0
github.com/artamananda/tryout-sample/internal/service/user_answer_service.go:58.16,62.3 1 0
github.com/artamananda/tryout-sample/internal/service/user_answer_service.go:64.2,77.8 6 0
github.com/artamananda/tryout-sample/internal/service/user_answer_service.go:80.90,82.16 2 0
github.com/artamananda/tryout-sample/internal/service/user_answer_service.go:82.16,86.3 1 0
github.com/artamananda/tryout-sample/internal/service/user_answer_service.go:88.2,90.12 2 0
github.com/artamananda/tryout-sample/internal/service/user_answer_service.go:93.120,95.16 2 0
github.com/artamananda/tryout-sample/internal/service/user_answer_service.go:95.16,97.3 1 0
github.com/artamananda/tryout-sample/internal/service/user_answer_service.go:99.2,105.8 1 0
github.com/artamananda/tryout-sample/internal/service/user_answer_service.go:108.113,111.41 3 0
github.com/artamananda/tryout-sample/internal/service/user_answer_service.go:111.41,121.3 1 0
github.com/artamananda/tryout-sample/internal/service/user_answer_service.go:122.2,122.27 1 0
github.com/artamananda/tryout-sample/internal/service/user_answer_service.go:122.27,124.3 1 0
github.com/artamananda/tryout-sample/internal/service/user_answer_service.go:125.2,125.28 1 0
github.com/artamananda/tryout-sample/internal/service/user_answer_service.go:128.91,132.41 3 0
github.com/artamananda/tryout-sample/internal/service/user_answer_service.go:132.41,142.3 1 0
github.com/artamananda/tryout-sample/internal/service/user_answer_service.go:143.2,143.27 1 0
github.com/artamananda/tryout-sample/internal/service/user_answer_service.go:143.27,145.3 1 0
github.com/artamananda/tryout-sample/internal/service/user_answer_service.go:146.2,146.28 1 0
github.com/artamananda/tryout-sample/internal/service/user_service.go:27.104,32.2 1 0
github.com/artamananda/tryout-sample/internal/service/user_service.go:34.120,36.16 2 0
github.com/artamananda/tryout-sample/internal/service/user_service.go:36.16,38.3 1 0
github.com/artamananda/tryout-sample/internal/service/user_service.go:40.2,70.8 4 0
github.com/artamananda/tryout-sample/internal/service/user_service.go:73.129,76.35 2 0
github.com/artamananda/tryout-sample/internal/service/user_service.go:76.35,78.17 2 0
github.com/artamananda/tryout-sample/internal/service/user_service.go:78.17,80.4 1 0
github.com/artamananda/tryout-sample/internal/service/user_service.go:83.2,83.35 1 0
github.com/artamananda/tryout-sample/internal/service/user_service.go:83.35,85.17 2 0
github.com/artamananda/tryout-sample/internal/service/user_service.go:85.17,87.12 2 0
github.com/artamananda/tryout-sample/internal/service/user_service.go:89.3,89.42 1 0
github.com/artamananda/tryout-sample/internal/service/user_service.go:92.2,92.23 1 0
github.com/artamananda/tryout-sample/internal/service/user_service.go:95.139,97.16 2 0
github.com/artamananda/tryout-sample/internal/service/user_service.go:97.16,99.3 1 0
github.com/artamananda/tryout-sample/internal/service/user_service.go:101.2,103.16 2 0
github.com/artamananda/tryout-sample/internal/service/user_service.go:103.16,107.3 1 0
github.com/artamananda/tryout-sample/internal/service/user_service.go:111.2,136.8 11 0
github.com/artamananda/tryout-sample/internal/service/user_service.go:139.144,141.16 2 0
github.com/artamananda/tryout-sample/internal/service/user_service.go:141.16,145.3 1 0
github.com/artamananda/tryout-sample/internal/service/user_service.go:147.2,148.16 2 0
github.com/artamananda/tryout-sample/internal/service/user_service.go:148.16,152.3 1 0
github.com/artamananda/tryout-sample/internal/service/user_service.go:154.2,155.16 2 0
github.com/artamananda/tryout-sample/internal/service/user_service.go:155.16,157.3 1 0
github.com/artamananda/tryout-sample/internal/service/user_service.go:159.2,176.8 4 0
github.com/artamananda/tryout-sample/internal/service/user_service.go:179.78,181.16 2 0
github.com/artamananda/tryout-sample/internal/service/user_service.go:181.16,185.3 1 0
github.com/artamananda/tryout-sample/internal/service/user_service.go:187.2,189.12 2 0
github.com/artamananda/tryout-sample/internal/service/user_service.go:192.105,194.16 2 0
github.com/artamananda/tryout-sample/internal/service/user_service.go:194.16,198.3 1 0
github.com/artamananda/tryout-sample/internal/service/user_service.go:200.2,213.8 1 0
github.com/artamananda/tryout-sample/internal/service/user_service.go:216.115,220.29 3 0
github.com/artamananda/tryout-sample/internal/service/user_service.go:220.29,238.3 1 0
github.com/artamananda/tryout-sample/internal/service/user_service.go:239.2,239.21 1 0
github.com/artamananda/tryout-sample/internal/service/user_service.go:239.21,241.3 1 0
github.com/artamananda/tryout-sample/internal/service/user_service.go:242.2,242.22 1 0
github.com/artamananda/tryout-sample/internal/service/user_service.go:245.112,247.16 2 0
github.com/artamananda/tryout-sample/internal/service/user_service.go:247.16,252.3 2 0
github.com/artamananda/tryout-sample/internal/service/user_service.go:253.2,254.16 2 0
github.com/artamananda/tryout-sample/internal/service/user_service.go:254.16,259.3 2 0
github.com/artamananda/tryout-sample/internal/service/user_service.go:260.2,267.24 2 0
github.com/artamananda/tryout-sample/internal/service/user_service.go:270.156,272.16 2 0
github.com/artamananda/tryout-sample/internal/service/user_service.go:272.16,276.3 1 0
github.com/artamananda/tryout-sample/internal/service/user_service.go:278.2,280.18 2 0
github.com/artamananda/tryout-sample/internal/service/user_service.go:280.18,282.3 1 0
github.com/artamananda/tryout-sample/internal/service/user_service.go:284.2,311.16 12 0
github.com/artamananda/tryout-sample/internal/service/user_service.go:311.16,313.3 1 0
github.com/artamananda/tryout-sample/internal/service/user_service.go:315.2,321.8 2 0
github.com/artamananda/tryout-sample/internal/service/user_service.go:324.93,326.16 2 0
github.com/artamananda/tryout-sample/internal/service/user_service.go:326.16,328.3 1 0
github.com/artamananda/tryout-sample/internal/service/user_service.go:330.2,330.27 1 0
github.com/artamananda/tryout-sample/internal/service/user_service.go:330.27,332.3 1 0
github.com/artamananda/tryout-sample/internal/service/user_service.go:334.2,334.42 1 0
github.com/artamananda/tryout-sample/internal/service/user_service.go:334.42,336.3 1 0
github.com/artamananda/tryout-sample/internal/service/user_service.go:338.2,338.13 1 0
github.com/artamananda/tryout-sample/internal/service/user_service.go:341.130,343.16 2 0
github.com/artamananda/tryout-sample/internal/service/user_service.go:343.16,345.3 1 0
github.com/artamananda/tryout-sample/internal/service/user_service.go:347.2,348.16 2 0
github.com/artamananda/tryout-sample/internal/service/user_service.go:348.16,350.3 1 0
github.com/artamananda/tryout-sample/internal/service/user_service.go:352.2,352.32 1 0
github.com/artamananda/tryout-sample/internal/service/user_service.go:352.32,354.3 1 0
github.com/artamananda/tryout-sample/internal/service/user_service.go:356.2,356.42 1 0
github.com/artamananda/tryout-sample/internal/service/user_service.go:356.42,358.3 1 0
github.com/artamananda/tryout-sample/internal/service/user_service.go:360.2,390.8 4 0
github.com/artamananda/tryout-sample/internal/service/user_service.go:393.112,395.16 2 0
github.com/artamananda/tryout-sample/internal/service/user_service.go:395.16,397.3 1 0
github.com/artamananda/tryout-sample/internal/service/user_service.go:399.2,401.26 2 0
github.com/artamananda/tryout-sample/internal/service/user_service.go:404.97,406.16 2 0
github.com/artamananda/tryout-sample/internal/service/user_service.go:406.16,410.3 1 0
github.com/artamananda/tryout-sample/internal/service/user_service.go:412.2,412.18 1 0
github.com/artamananda/tryout-sample/internal/service/user_service.go:415.170,417.16 2 0
github.com/artamananda/tryout-sample/internal/service/user_service.go:417.16,421.3 1 0
github.com/artamananda/tryout-sample/internal/service/user_service.go:424.2,425.16 2 0
github.com/artamananda/tryout-sample/internal/service/user_service.go:425.16,427.3 1 0
github.com/artamananda/tryout-sample/internal/service/user_service.go:429.2,456.16 12 0
github.com/artamananda/tryout-sample/internal/service/user_service.go:456.16,458.3 1 0
github.com/artamananda/tryout-sample/internal/service/user_service.go:460.2,466.8 2 0
github.com/artamananda/tryout-sample/internal/service/user_service.go:469.106,471.16 2 0
github.com/artamananda/tryout-sample/internal/service/user_service.go:471.16,475.3 1 0
github.com/artamananda/tryout-sample/internal/service/user_service.go:478.2,479.16 2 0
github.com/artamananda/tryout-sample/internal/service/user_service.go:479.16,481.3 1 0
github.com/artamananda/tryout-sample/internal/service/user_service.go:483.2,483.32 1 0
github.com/artamananda/tryout-sample/internal/service/user_service.go:483.32,485.3 1 0
github.com/artamananda/tryout-sample/internal/service/user_service.go:487.2,487.42 1 0
github.com/artamananda/tryout-sample/internal/service/user_service.go:487.42,489.3 1 0
github.com/artamananda/tryout-sample/internal/service/user_service.go:492.2,493.16 2 0
github.com/artamananda/tryout-sample/internal/service/user_service.go:493.16,495.3 1 0
github.com/artamananda/tryout-sample/internal/service/user_service.go:498.2,506.12 5 0
github.com/artamananda/tryout-sample/main.go:36.13,90.40 43 0
github.com/artamananda/tryout-sample/main.go:90.40,96.3 1 0
github.com/artamananda/tryout-sample/main.go:98.2,101.29 3 0
github.com/artamananda/tryout-sample/docs/docs.go:2778.13,2780.2 1 0
github.com/artamananda/tryout-sample/internal/common/http_client.go:33.68,40.83 1 0
github.com/artamananda/tryout-sample/internal/common/http_client.go:40.83,42.5 1 0
github.com/artamananda/tryout-sample/internal/common/http_client.go:46.2,51.69 4 0
github.com/artamananda/tryout-sample/internal/common/http_client.go:51.69,54.3 2 0
github.com/artamananda/tryout-sample/internal/common/http_client.go:54.8,65.3 6 0
github.com/artamananda/tryout-sample/internal/common/http_client.go:68.2,69.35 2 0
github.com/artamananda/tryout-sample/internal/common/http_client.go:69.35,71.3 1 0
github.com/artamananda/tryout-sample/internal/common/http_client.go:74.2,83.16 6 0
github.com/artamananda/tryout-sample/internal/common/http_client.go:83.16,85.3 1 0
github.com/artamananda/tryout-sample/internal/common/http_client.go:88.2,102.12 11 0
github.com/artamananda/tryout-sample/internal/common/jwt.go:12.80,27.2 8 0
github.com/artamananda/tryout-sample/internal/common/logger.go:12.33,22.51 4 2
github.com/artamananda/tryout-sample/internal/common/logger.go:22.51,25.3 2 2
github.com/artamananda/tryout-sample/internal/common/logger.go:27.2,30.16 4 2
github.com/artamananda/tryout-sample/internal/common/logger.go:30.16,33.3 2 2
github.com/artamananda/tryout-sample/internal/common/logger.go:34.2,34.15 1 2
github.com/artamananda/tryout-sample/internal/common/model_validation.go:10.48,13.16 3 6
github.com/artamananda/tryout-sample/internal/common/model_validation.go:13.16,15.56 2 5
github.com/artamananda/tryout-sample/internal/common/model_validation.go:15.56,20.4 1 7
github.com/artamananda/tryout-sample/internal/common/model_validation.go:22.3,27.4 3 5
github.com/artamananda/tryout-sample/internal/common/model_validation.go:30.2,30.12 1 1
github.com/artamananda/tryout-sample/internal/config/aws.go:11.52,26.16 6 0
github.com/artamananda/tryout-sample/internal/config/aws.go:26.16,28.3 1 0
github.com/artamananda/tryout-sample/internal/config/aws.go:31.2,31.24 1 0
github.com/artamananda/tryout-sample/internal/config/aws.go:31.24,33.3 1 0
github.com/artamananda/tryout-sample/internal/config/aws.go:35.2,35.17 1 0
github.com/artamananda/tryout-sample/internal/config/config.go:17.50,19.2 1 0
github.com/artamananda/tryout-sample/internal/config/config.go:21.38,25.2 3 0
github.com/artamananda/tryout-sample/internal/config/database.go:17.36,65.2 21 0
github.com/artamananda/tryout-sample/internal/config/fiber.go:8.43,12.2 1 0
github.com/artamananda/tryout-sample/internal/controller/ebook_controller.go:18.100,23.2 1 0
github.com/artamananda/tryout-sample/internal/controller/ebook_controller.go:25.57,33.2 7 0
github.com/artamananda/tryout-sample/internal/controller/ebook_controller.go:45.62,48.16 3 0
github.com/artamananda/tryout-sample/internal/controller/ebook_controller.go:48.16,50.3 1 0
github.com/artamananda/tryout-sample/internal/controller/ebook_controller.go:52.2,53.16 2 0
github.com/artamananda/tryout-sample/internal/controller/ebook_controller.go:53.16,55.3 1 0
github.com/artamananda/tryout-sample/internal/controller/ebook_controller.go:57.2,61.4 1 0
[...]
github.com/artamananda/tryout-sample/internal/service/question_service.go:207.2,207.25 1 0
github.com/artamananda/tryout-sample/internal/service/question_service.go:207.25,209.3 1 0
github.com/artamananda/tryout-sample/internal/service/question_service.go:210.2,210.31 1 0
github.com/artamananda/tryout-sample/internal/service/question_service.go:213.96,215.16 2 0
github.com/artamananda/tryout-sample/internal/service/question_service.go:215.16,217.3 1 0
github.com/artamananda/tryout-sample/internal/service/question_service.go:219.2,220.37 2 0
github.com/artamananda/tryout-sample/internal/service/question_service.go:220.37,235.3 1 0
github.com/artamananda/tryout-sample/internal/service/question_service.go:236.2,236.25 1 0
github.com/artamananda/tryout-sample/internal/service/question_service.go:236.25,238.3 1 0
github.com/artamananda/tryout-sample/internal/service/question_service.go:239.2,239.31 1 0
github.com/artamananda/tryout-sample/internal/service/register_program_service.go:25.195,32.2 1 0
github.com/artamananda/tryout-sample/internal/service/register_program_service.go:34.150,36.16 2 0
github.com/artamananda/tryout-sample/internal/service/register_program_service.go:36.16,40.3 1 0
github.com/artamananda/tryout-sample/internal/service/register_program_service.go:42.2,45.16 3 0
github.com/artamananda/tryout-sample/internal/service/register_program_service.go:45.16,47.3 1 0
github.com/artamananda/tryout-sample/internal/service/register_program_service.go:49.2,58.16 2 0
github.com/artamananda/tryout-sample/internal/service/register_program_service.go:58.16,60.3 1 0
github.com/artamananda/tryout-sample/internal/service/register_program_service.go:62.2,81.16 6 0
github.com/artamananda/tryout-sample/internal/service/register_program_service.go:81.16,83.3 1 0
github.com/artamananda/tryout-sample/internal/service/register_program_service.go:85.2,101.16 9 0
github.com/artamananda/tryout-sample/internal/service/register_program_service.go:101.16,103.3 1 0
github.com/artamananda/tryout-sample/internal/service/register_program_service.go:105.2,107.12 2 0
github.com/artamananda/tryout-sample/internal/service/transaction_program_service.go:21.181,26.2 1 0
github.com/artamananda/tryout-sample/internal/service/transaction_program_service.go:28.160,30.16 2 0
github.com/artamananda/tryout-sample/internal/service/transaction_program_service.go:30.16,34.3 1 0
github.com/artamananda/tryout-sample/internal/service/transaction_program_service.go:36.2,37.16 2 0
github.com/artamananda/tryout-sample/internal/service/transaction_program_service.go:37.16,41.3 1 0
github.com/artamananda/tryout-sample/internal/service/transaction_program_service.go:43.2,43.52 1 0
github.com/artamananda/tryout-sample/internal/service/transaction_program_service.go:43.52,47.3 1 0
github.com/artamananda/tryout-sample/internal/service/transaction_program_service.go:49.2,49.52 1 0
github.com/artamananda/tryout-sample/internal/service/transaction_program_service.go:49.52,53.3 1 0
github.com/artamananda/tryout-sample/internal/service/transaction_program_service.go:55.2,59.59 2 0
github.com/artamananda/tryout-sample/internal/service/transaction_program_service.go:59.59,60.59 1 0
github.com/artamananda/tryout-sample/internal/service/transaction_program_service.go:60.59,64.4 1 0
github.com/artamananda/tryout-sample/internal/service/transaction_program_service.go:67.2,67.62 1 0
github.com/artamananda/tryout-sample/internal/service/transaction_program_service.go:67.62,71.3 1 0
github.com/artamananda/tryout-sample/internal/service/transaction_program_service.go:73.2,99.8 5 0
github.com/artamananda/tryout-sample/internal/service/transaction_program_service.go:102.189,104.16 2 0
github.com/artamananda/tryout-sample/internal/service/transaction_program_service.go:104.16,108.3 1 0
github.com/artamananda/tryout-sample/internal/service/transaction_program_service.go:110.2,129.8 3 0
github.com/artamananda/tryout-sample/internal/service/transaction_program_service.go:132.106,135.16 2 0
github.com/artamananda/tryout-sample/internal/service/transaction_program_service.go:135.16,137.3 1 0
github.com/artamananda/tryout-sample/internal/service/transaction_program_service.go:139.2,141.12 2 0
github.com/artamananda/tryout-sample/internal/service/transaction_program_service.go:144.144,146.16 2 0
github.com/artamananda/tryout-sample/internal/service/transaction_program_service.go:146.16,148.3 1 0
github.com/artamananda/tryout-sample/internal/service/transaction_program_service.go:150.2,190.8 3 0
github.com/artamananda/tryout-sample/internal/service/transaction_program_service.go:193.155,197.57 3 0
github.com/artamananda/tryout-sample/internal/service/transaction_program_service.go:197.57,239.3 3 0
github.com/artamananda/tryout-sample/internal/service/transaction_program_service.go:241.2,241.17 1 0
github.com/artamananda/tryout-sample/internal/service/transaction_tryout_service.go:18.128,22.2 1 0
github.com/artamananda/tryout-sample/internal/service/transaction_tryout_service.go:24.157,26.16 2 0
github.com/artamananda/tryout-sample/internal/service/transaction_tryout_service.go:26.16,28.3 1 0
github.com/artamananda/tryout-sample/internal/service/transaction_tryout_service.go:29.2,44.8 3 0
github.com/artamananda/tryout-sample/internal/service/transaction_tryout_service.go:47.185,49.16 2 0
github.com/artamananda/tryout-sample/internal/service/transaction_tryout_service.go:49.16,51.3 1 0
github.com/artamananda/tryout-sample/internal/service/transaction_tryout_service.go:53.2,54.16 2 0
github.com/artamananda/tryout-sample/internal/service/transaction_tryout_service.go:54.16,56.3 1 0
github.com/artamananda/tryout-sample/internal/service/transaction_tryout_service.go:58.2,73.8 7 0
github.com/artamananda/tryout-sample/internal/service/transaction_tryout_service.go:76.104,78.16 2 0
github.com/artamananda/tryout-sample/internal/service/transaction_tryout_service.go:78.16,80.3 1 0
github.com/artamananda/tryout-sample/internal/service/transaction_tryout_service.go:82.2,84.12 2 0
github.com/artamananda/tryout-sample/internal/service/transaction_tryout_service.go:87.141,89.16 2 0
github.com/artamananda/tryout-sample/internal/service/transaction_tryout_service.go:89.16,91.3 1 0
github.com/artamananda/tryout-sample/internal/service/transaction_tryout_service.go:93.2,100.8 1 0
github.com/artamananda/tryout-sample/internal/service/transaction_tryout_service.go:103.160,106.16 3 0
github.com/artamananda/tryout-sample/internal/service/transaction_tryout_service.go:106.16,108.3 1 0
github.com/artamananda/tryout-sample/internal/service/transaction_tryout_service.go:110.2,112.43 2 0
github.com/artamananda/tryout-sample/internal/service/transaction_tryout_service.go:112.43,113.72 1 0
github.com/artamananda/tryout-sample/internal/service/transaction_tryout_service.go:113.72,115.4 1 0
github.com/artamananda/tryout-sample/internal/service/transaction_tryout_service.go:118.2,140.8 2 0
github.com/artamananda/tryout-sample/internal/service/transaction_tryout_service.go:143.105,147.55 3 0
github.com/artamananda/tryout-sample/internal/service/transaction_tryout_service.go:147.55,158.3 1 0
github.com/artamananda/tryout-sample/internal/service/transaction_tryout_service.go:159.2,159.34 1 0
github.com/artamananda/tryout-sample/internal/service/transaction_tryout_service.go:159.34,161.3 1 0
github.com/artamananda/tryout-sample/internal/service/transaction_tryout_service.go:163.2,163.34 1 0
github.com/artamananda/tryout-sample/internal/service/tryout_service.go:18.84,22.2 1 0
github.com/artamananda/tryout-sample/internal/service/tryout_service.go:24.124,26.16 2 0
github.com/artamananda/tryout-sample/internal/service/tryout_service.go:26.16,30.3 1 0
github.com/artamananda/tryout-sample/internal/service/tryout_service.go:32.2,51.8 3 0
github.com/artamananda/tryout-sample/internal/service/tryout_service.go:54.141,56.16 2 0
github.com/artamananda/tryout-sample/internal/service/tryout_service.go:56.16,60.3 1 0
github.com/artamananda/tryout-sample/internal/service/tryout_service.go:62.2,63.16 2 0
github.com/artamananda/tryout-sample/internal/service/tryout_service.go:63.16,67.3 1 0
github.com/artamananda/tryout-sample/internal/service/tryout_service.go:69.2,86.8 8 0
github.com/artamananda/tryout-sample/internal/service/tryout_service.go:89.82,91.16 2 0
github.com/artamananda/tryout-sample/internal/service/tryout_service.go:91.16,95.3 1 0
github.com/artamananda/tryout-sample/internal/service/tryout_service.go:97.2,99.12 2 0
github.com/artamananda/tryout-sample/internal/service/tryout_service.go:102.108,104.16 2 0
github.com/artamananda/tryout-sample/internal/service/tryout_service.go:104.16,106.3 1 0
github.com/artamananda/tryout-sample/internal/service/tryout_service.go:108.2,115.8 1 0
github.com/artamananda/tryout-sample/internal/service/tryout_service.go:118.118,122.33 3 0
github.com/artamananda/tryout-sample/internal/service/tryout_service.go:122.33,133.3 1 0
github.com/artamananda/tryout-sample/internal/service/tryout_service.go:134.2,134.23 1 0
github.com/artamananda/tryout-sample/internal/service/tryout_service.go:134.23,136.3 1 0
github.com/artamananda/tryout-sample/internal/service/tryout_service.go:137.2,137.24 1 0
github.com/artamananda/tryout-sample/internal/service/tryout_service.go:140.125,144.33 3 0
github.com/artamananda/tryout-sample/internal/service/tryout_service.go:144.33,156.3 1 0
github.com/artamananda/tryout-sample/internal/service/tryout_service.go:157.2,157.23 1 0
github.com/artamananda/tryout-sample/internal/service/tryout_service.go:157.23,159.3 1 0
github.com/artamananda/tryout-sample/internal/service/tryout_service.go:160.2,160.24 1 0
github.com/artamananda/tryout-sample/internal/service/tryout_service.go:163.105,165.16 2 0
github.com/artamananda/tryout-sample/internal/service/tryout_service.go:165.16,167.3 1 0
github.com/artamananda/tryout-sample/internal/service/tryout_service.go:169.2,169.27 1 0
github.com/artamananda/tryout-sample/internal/service/tryout_service.go:169.27,171.3 1 0
github.com/artamananda/tryout-sample/internal/service/tryout_service.go:173.2,173.14 1 0
github.com/artamananda/tryout-sample/internal/service/user_answer_service.go:17.100,21.2 1 0
github.com/artamananda/tryout-sample/internal/service/user_answer_service.go:23.136,25.16 2 0
github.com/artamananda/tryout-sample/internal/service/user_answer_service.go:25.16,29.3 1 0
github.com/artamananda/tryout-sample/internal/service/user_answer_service.go:31.2,46.8 3 0
github.com/artamananda/tryout-sample/internal/service/user_answer_service.go:49.157,51.16 2 0
github.com/artamananda/tryout-sample/internal/service/user_answer_service.go:51.16,55.3 1 0
github.com/artamananda/tryout-sample/internal/service/user_answer_service.go:57.2,58.16 2 0
github.com/artamananda/tryout-sample/internal/service/user_answer_service.go:58.16,62.3 1 0
github.com/artamananda/tryout-sample/internal/service/user_answer_service.go:64.2,77.8 6 0
github.com/artamananda/tryout-sample/internal/service/user_answer_service.go:80.90,82.16 2 0
github.com/artamananda/tryout-sample/internal/service/user_answer_service.go:82.16,86.3 1 0
github.com/artamananda/tryout-sample/internal/service/user_answer_service.go:88.2,90.12 2 0
github.com/artamananda/tryout-sample/internal/service/user_answer_service.go:93.120,95.16 2 0
github.com/artamananda/tryout-sample/internal/service/user_answer_service.go:95.16,97.3 1 0
github.com/artamananda/tryout-sample/internal/service/user_answer_service.go:99.2,105.8 1 0
github.com/artamananda/tryout-sample/internal/service/user_answer_service.go:108.113,111.41 3 0
github.com/artamananda/tryout-sample/internal/service/user_answer_service.go:111.41,121.3 1 0
github.com/artamananda/tryout-sample/internal/service/user_answer_service.go:122.2,122.27 1 0
github.com/artamananda/tryout-sample/internal/service/user_answer_service.go:122.27,124.3 1 0
github.com/artamananda/tryout-sample/internal/service/user_answer_service.go:125.2,125.28 1 0
github.com/artamananda/tryout-sample/internal/service/user_answer_service.go:128.91,132.41 3 0
github.com/artamananda/tryout-sample/internal/service/user_answer_service.go:132.41,142.3 1 0
github.com/artamananda/tryout-sample/internal/service/user_answer_service.go:143.2,143.27 1 0
github.com/artamananda/tryout-sample/internal/service/user_answer_service.go:143.27,145.3 1 0
github.com/artamananda/tryout-sample/internal/service/user_answer_service.go:146.2,146.28 1 0
github.com/artamananda/tryout-sample/internal/service/user_service.go:27.104,32.2 1 0
github.com/artamananda/tryout-sample/internal/service/user_service.go:34.120,36.16 2 0
github.com/artamananda/tryout-sample/internal/service/user_service.go:36.16,38.3 1 0
github.com/artamananda/tryout-sample/internal/service/user_service.go:40.2,70.8 4 0
github.com/artamananda/tryout-sample/internal/service/user_service.go:73.129,76.35 2 0
github.com/artamananda/tryout-sample/internal/service/user_service.go:76.35,78.17 2 0
github.com/artamananda/tryout-sample/internal/service/user_service.go:78.17,80.4 1 0
github.com/artamananda/tryout-sample/internal/service/user_service.go:83.2,83.35 1 0
github.com/artamananda/tryout-sample/internal/service/user_service.go:83.35,85.17 2 0
github.com/artamananda/tryout-sample/internal/service/user_service.go:85.17,87.12 2 0
github.com/artamananda/tryout-sample/internal/service/user_service.go:89.3,89.42 1 0
github.com/artamananda/tryout-sample/internal/service/user_service.go:92.2,92.23 1 0
github.com/artamananda/tryout-sample/internal/service/user_service.go:95.139,97.16 2 0
github.com/artamananda/tryout-sample/internal/service/user_service.go:97.16,99.3 1 0
github.com/artamananda/tryout-sample/internal/service/user_service.go:101.2,103.16 2 0
github.com/artamananda/tryout-sample/internal/service/user_service.go:103.16,107.3 1 0
github.com/artamananda/tryout-sample/internal/service/user_service.go:111.2,136.8 11 0
github.com/artamananda/tryout-sample/internal/service/user_service.go:139.144,141.16 2 0
github.com/artamananda/tryout-sample/internal/service/user_service.go:141.16,145.3 1 0
github.com/artamananda/tryout-sample/internal/service/user_service.go:147.2,148.16 2 0
github.com/artamananda/tryout-sample/internal/service/user_service.go:148.16,152.3 1 0
github.com/artamananda/tryout-sample/internal/service/user_service.go:154.2,155.16 2 0
github.com/artamananda/tryout-sample/internal/service/user_service.go:155.16,157.3 1 0
github.com/artamananda/tryout-sample/internal/service/user_service.go:159.2,176.8 4 0
github.com/artamananda/tryout-sample/internal/service/user_service.go:179.78,181.16 2 0
github.com/artamananda/tryout-sample/internal/service/user_service.go:181.16,185.3 1 0
github.com/artamananda/tryout-sample/internal/service/user_service.go:187.2,189.12 2 0
github.com/artamananda/tryout-sample/internal/service/user_service.go:192.105,194.16 2 0
github.com/artamananda/tryout-sample/internal/service/user_service.go:194.16,198.3 1 0
github.com/artamananda/tryout-sample/internal/service/user_service.go:200.2,213.8 1 0
github.com/artamananda/tryout-sample/internal/service/user_service.go:216.115,220.29 3 0
github.com/artamananda/tryout-sample/internal/service/user_service.go:220.29,238.3 1 0
github.com/artamananda/tryout-sample/internal/service/user_service.go:239.2,239.21 1 0
github.com/artamananda/tryout-sample/internal/service/user_service.go:239.21,241.3 1 0
github.com/artamananda/tryout-sample/internal/service/user_service.go:242.2,242.22 1 0
github.com/artamananda/tryout-sample/internal/service/user_service.go:245.112,247.16 2 0
github.com/artamananda/tryout-sample/internal/service/user_service.go:247.16,252.3 2 0
github.com/artamananda/tryout-sample/internal/service/user_service.go:253.2,254.16 2 0
github.com/artamananda/tryout-sample/internal/service/user_service.go:254.16,259.3 2 0
github.com/artamananda/tryout-sample/internal/service/user_service.go:260.2,267.24 2 0
github.com/artamananda/tryout-sample/internal/service/user_service.go:270.156,272.16 2 0
github.com/artamananda/tryout-sample/internal/service/user_service.go:272.16,276.3 1 0
github.com/artamananda/tryout-sample/internal/service/user_service.go:278.2,280.18 2 0
github.com/artamananda/tryout-sample/internal/service/user_service.go:280.18,282.3 1 0
github.com/artamananda/tryout-sample/internal/service/user_service.go:284.2,311.16 12 0
github.com/artamananda/tryout-sample/internal/service/user_service.go:311.16,313.3 1 0
github.com/artamananda/tryout-sample/internal/service/user_service.go:315.2,321.8 2 0
github.com/artamananda/tryout-sample/internal/service/user_service.go:324.93,326.16 2 0
github.com/artamananda/tryout-sample/internal/service/user_service.go:326.16,328.3 1 0
github.com/artamananda/tryout-sample/internal/service/user_service.go:330.2,330.27 1 0
github.com/artamananda/tryout-sample/internal/service/user_service.go:330.27,332.3 1 0
github.com/artamananda/tryout-sample/internal/service/user_service.go:334.2,334.42 1 0
github.com/artamananda/tryout-sample/internal/service/user_service.go:334.42,336.3 1 0
github.com/artamananda/tryout-sample/internal/service/user_service.go:338.2,338.13 1 0
github.com/artamananda/tryout-sample/internal/service/user_service.go:341.130,343.16 2 0
github.com/artamananda/tryout-sample/internal/service/user_service.go:343.16,345.3 1 0
github.com/artamananda/tryout-sample/internal/service/user_service.go:347.2,348.16 2 0
github.com/artamananda/tryout-sample/internal/service/user_service.go:348.16,350.3 1 0
github.com/artamananda/tryout-sample/internal/service/user_service.go:352.2,352.32 1 0
github.com/artamananda/tryout-sample/internal/service/user_service.go:352.32,354.3 1 0
github.com/artamananda/tryout-sample/internal/service/user_service.go:356.2,356.42 1 0
github.com/artamananda/tryout-sample/internal/service/user_service.go:356.42,358.3 1 0
github.com/artamananda/tryout-sample/internal/service/user_service.go:360.2,390.8 4 0
github.com/artamananda/tryout-sample/internal/service/user_service.go:393.112,395.16 2 0
github.com/artamananda/tryout-sample/internal/service/user_service.go:395.16,397.3 1 0
github.com/artamananda/tryout-sample/internal/service/user_service.go:399.2,401.26 2 0
github.com/artamananda/tryout-sample/internal/service/user_service.go:404.97,406.16 2 0
github.com/artamananda/tryout-sample/internal/service/user_service.go:406.16,410.3 1 0
github.com/artamananda/tryout-sample/internal/service/user_service.go:412.2,412.18 1 0
github.com/artamananda/tryout-sample/internal/service/user_service.go:415.170,417.16 2 0
github.com/artamananda/tryout-sample/internal/service/user_service.go:417.16,421.3 1 0
github.com/artamananda/tryout-sample/internal/service/user_service.go:424.2,425.16 2 0
github.com/artamananda/tryout-sample/internal/service/user_service.go:425.16,427.3 1 0
github.com/artamananda/tryout-sample/internal/service/user_service.go:429.2,456.16 12 0
github.com/artamananda/tryout-sample/internal/service/user_service.go:456.16,458.3 1 0
github.com/artamananda/tryout-sample/internal/service/user_service.go:460.2,466.8 2 0
github.com/artamananda/tryout-sample/internal/service/user_service.go:469.106,471.16 2 0
github.com/artamananda/tryout-sample/internal/service/user_service.go:471.16,475.3 1 0
github.com/artamananda/tryout-sample/internal/service/user_service.go:478.2,479.16 2 0
github.com/artamananda/tryout-sample/internal/service/user_service.go:479.16,481.3 1 0
github.com/artamananda/tryout-sample/internal/service/user_service.go:483.2,483.32 1 0
github.com/artamananda/tryout-sample/internal/service/user_service.go:483.32,485.3 1 0
github.com/artamananda/tryout-sample/internal/service/user_service.go:487.2,487.42 1 0
github.com/artamananda/tryout-sample/internal/service/user_service.go:487.42,489.3 1 0
github.com/artamananda/tryout-sample/internal/service/user_service.go:492.2,493.16 2 0
github.com/artamananda/tryout-sample/internal/service/user_service.go:493.16,495.3 1 0
github.com/artamananda/tryout-sample/internal/service/user_service.go:498.2,506.12 5 0
